#
# There is insufficient memory for the Java Runtime Environment to continue.
# Native memory allocation (malloc) failed to allocate 32744 bytes for ChunkPool::allocate
# Possible reasons:
#   The system is out of physical RAM or swap space
#   The process is running with CompressedOops enabled, and the Java Heap may be blocking the growth of the native heap
# Possible solutions:
#   Reduce memory load on the system
#   Increase physical memory or swap space
#   Check if swap backing store is full
#   Decrease Java heap size (-Xmx/-Xms)
#   Decrease number of Java threads
#   Decrease Java thread stack sizes (-Xss)
#   Set larger code cache with -XX:ReservedCodeCacheSize=
#   JVM is running with Unscaled Compressed Oops mode in which the Java heap is
#     placed in the first 4GB address space. The Java Heap base address is the
#     maximum limit for the native heap growth. Please use -XX:HeapBaseMinAddress
#     to set the Java Heap base and to place the Java Heap above 4GB virtual address.
# This output file may be truncated or incomplete.
#
#  Out of Memory Error (allocation.cpp:272), pid=1824, tid=0x00000000000015a8
#
# JRE version: Java(TM) SE Runtime Environment (8.0_281-b09) (build 1.8.0_281-b09)
# Java VM: Java HotSpot(TM) 64-Bit Server VM (25.281-b09 mixed mode windows-amd64 compressed oops)
# Failed to write core dump. Minidumps are not enabled by default on client versions of Windows
#

---------------  T H R E A D  ---------------

Current thread (0x000000ed5420b800):  JavaThread "C2 CompilerThread1" daemon [_thread_in_native, id=5544, stack(0x000000ed553b0000,0x000000ed554b0000)]

Stack: [0x000000ed553b0000,0x000000ed554b0000]
Native frames: (J=compiled Java code, j=interpreted, Vv=VM code, C=native code)
V  [jvm.dll+0x32e5b9]
V  [jvm.dll+0x275012]
V  [jvm.dll+0x275cbd]
V  [jvm.dll+0x26c6f5]
V  [jvm.dll+0xd569d]
V  [jvm.dll+0xd59fc]
V  [jvm.dll+0x452445]
V  [jvm.dll+0x48d85d]
V  [jvm.dll+0x441ba8]
V  [jvm.dll+0x43f664]
V  [jvm.dll+0x42a5e7]
V  [jvm.dll+0xabe9b]
V  [jvm.dll+0xaa4fb]
V  [jvm.dll+0x23d6b2]
V  [jvm.dll+0x291cbc]
C  [ucrtbase.DLL+0x1d912]
C  [KERNEL32.DLL+0x13f2]
C  [ntdll.dll+0x154f4]


Current CompileTask:
C2:   8435  487       4       java.awt.MultipleGradientPaintContext::indexIntoGradientsArrays (190 bytes)


---------------  P R O C E S S  ---------------

Java Threads: ( => current thread )
  0x000000ed559e4800 JavaThread "TimerQueue" daemon [_thread_blocked, id=7332, stack(0x000000ed588c0000,0x000000ed589c0000)]
  0x000000ed3faa6800 JavaThread "DestroyJavaVM" [_thread_blocked, id=4828, stack(0x000000ed41450000,0x000000ed41550000)]
  0x000000ed55a94000 JavaThread "AWT-EventQueue-0" [_thread_blocked, id=7292, stack(0x000000ed56510000,0x000000ed56610000)]
  0x000000ed55a93000 JavaThread "AWT-Shutdown" [_thread_blocked, id=8108, stack(0x000000ed55da0000,0x000000ed55ea0000)]
  0x000000ed55a5d800 JavaThread "AWT-Windows" daemon [_thread_in_native, id=6088, stack(0x000000ed55ea0000,0x000000ed55fa0000)]
  0x000000ed55a52000 JavaThread "Java2D Disposer" daemon [_thread_blocked, id=2140, stack(0x000000ed55ca0000,0x000000ed55da0000)]
  0x000000ed5427a000 JavaThread "Service Thread" daemon [_thread_blocked, id=7588, stack(0x000000ed555b0000,0x000000ed556b0000)]
  0x000000ed54228000 JavaThread "C1 CompilerThread2" daemon [_thread_blocked, id=6864, stack(0x000000ed554b0000,0x000000ed555b0000)]
=>0x000000ed5420b800 JavaThread "C2 CompilerThread1" daemon [_thread_in_native, id=5544, stack(0x000000ed553b0000,0x000000ed554b0000)]
  0x000000ed54206800 JavaThread "C2 CompilerThread0" daemon [_thread_blocked, id=8428, stack(0x000000ed552b0000,0x000000ed553b0000)]
  0x000000ed54203800 JavaThread "Attach Listener" daemon [_thread_blocked, id=7104, stack(0x000000ed551b0000,0x000000ed552b0000)]
  0x000000ed54202800 JavaThread "Signal Dispatcher" daemon [_thread_blocked, id=5200, stack(0x000000ed550b0000,0x000000ed551b0000)]
  0x000000ed53aa5000 JavaThread "Finalizer" daemon [_thread_blocked, id=4372, stack(0x000000ed54ed0000,0x000000ed54fd0000)]
  0x000000ed541e6000 JavaThread "Reference Handler" daemon [_thread_blocked, id=4984, stack(0x000000ed54dd0000,0x000000ed54ed0000)]

Other Threads:
  0x000000ed541c3000 VMThread [stack: 0x000000ed54cd0000,0x000000ed54dd0000] [id=8152]
  0x000000ed54281800 WatcherThread [stack: 0x000000ed556b0000,0x000000ed557b0000] [id=8364]

VM state:not at safepoint (normal execution)

VM Mutex/Monitor currently owned by a thread: None

heap address: 0x00000000c1600000, size: 1002 MB, Compressed Oops mode: 32-bit
Narrow klass base: 0x0000000000000000, Narrow klass shift: 3
Compressed class space size: 1073741824 Address: 0x0000000100000000

Heap:
 PSYoungGen      total 18944K, used 2102K [0x00000000eb200000, 0x00000000ec700000, 0x0000000100000000)
  eden space 16384K, 12% used [0x00000000eb200000,0x00000000eb40dbe8,0x00000000ec200000)
  from space 2560K, 0% used [0x00000000ec480000,0x00000000ec480000,0x00000000ec700000)
  to   space 2560K, 0% used [0x00000000ec200000,0x00000000ec200000,0x00000000ec480000)
 ParOldGen       total 33280K, used 2188K [0x00000000c1600000, 0x00000000c3680000, 0x00000000eb200000)
  object space 33280K, 6% used [0x00000000c1600000,0x00000000c18233d8,0x00000000c3680000)
 Metaspace       used 11571K, capacity 11768K, committed 11904K, reserved 1062912K
  class space    used 1505K, capacity 1576K, committed 1664K, reserved 1048576K

Card table byte_map: [0x000000ed50910000,0x000000ed50b10000] byte_map_base: 0x000000ed50305000

Marking Bits: (ParMarkBitMap*) 0x000000005d4d6ff0
 Begin Bits: [0x000000ed51060000, 0x000000ed52008000)
 End Bits:   [0x000000ed52008000, 0x000000ed52fb0000)

Polling page: 0x000000ed3fc80000

CodeCache: size=245760Kb used=2395Kb max_used=2395Kb free=243364Kb
 bounds [0x000000ed41550000, 0x000000ed417c0000, 0x000000ed50550000]
 total_blobs=1060 nmethods=580 adapters=394
 compilation: enabled

Compilation events (10 events):
Event: 6.906 Thread 0x000000ed54228000  481       3       java.lang.Math::round (56 bytes)
Event: 6.906 Thread 0x000000ed54228000 nmethod 481 0x000000ed417612d0 code [0x000000ed41761440, 0x000000ed41761678]
Event: 6.908 Thread 0x000000ed54228000  482       3       java.awt.MultipleGradientPaintContext::convertSRGBtoLinearRGB (47 bytes)
Event: 6.908 Thread 0x000000ed54228000 nmethod 482 0x000000ed41761710 code [0x000000ed417618e0, 0x000000ed41761e90]
Event: 6.908 Thread 0x000000ed54228000  483       3       java.awt.MultipleGradientPaintContext::convertLinearRGBtoSRGB (47 bytes)
Event: 6.909 Thread 0x000000ed54228000 nmethod 483 0x000000ed41761f10 code [0x000000ed417620e0, 0x000000ed41762690]
Event: 6.909 Thread 0x000000ed54228000  484       3       java.awt.MultipleGradientPaintContext::indexIntoGradientsArrays (190 bytes)
Event: 6.910 Thread 0x000000ed54228000 nmethod 484 0x000000ed41762710 code [0x000000ed41762920, 0x000000ed41763078]
Event: 6.930 Thread 0x000000ed54206800  486       4       java.util.HashMap::put (13 bytes)
Event: 6.930 Thread 0x000000ed5420b800  487       4       java.awt.MultipleGradientPaintContext::indexIntoGradientsArrays (190 bytes)

GC Heap History (8 events):
Event: 4.657 GC heap before
{Heap before GC invocations=1 (full 0):
 PSYoungGen      total 18944K, used 5577K [0x00000000eb200000, 0x00000000ec700000, 0x0000000100000000)
  eden space 16384K, 34% used [0x00000000eb200000,0x00000000eb7725c0,0x00000000ec200000)
  from space 2560K, 0% used [0x00000000ec480000,0x00000000ec480000,0x00000000ec700000)
  to   space 2560K, 0% used [0x00000000ec200000,0x00000000ec200000,0x00000000ec480000)
 ParOldGen       total 44032K, used 0K [0x00000000c1600000, 0x00000000c4100000, 0x00000000eb200000)
  object space 44032K, 0% used [0x00000000c1600000,0x00000000c1600000,0x00000000c4100000)
 Metaspace       used 9842K, capacity 9996K, committed 10112K, reserved 1062912K
  class space    used 1270K, capacity 1350K, committed 1408K, reserved 1048576K
Event: 4.671 GC heap after
Heap after GC invocations=1 (full 0):
 PSYoungGen      total 18944K, used 1664K [0x00000000eb200000, 0x00000000ec700000, 0x0000000100000000)
  eden space 16384K, 0% used [0x00000000eb200000,0x00000000eb200000,0x00000000ec200000)
  from space 2560K, 65% used [0x00000000ec200000,0x00000000ec3a0020,0x00000000ec480000)
  to   space 2560K, 0% used [0x00000000ec480000,0x00000000ec480000,0x00000000ec700000)
 ParOldGen       total 44032K, used 8K [0x00000000c1600000, 0x00000000c4100000, 0x00000000eb200000)
  object space 44032K, 0% used [0x00000000c1600000,0x00000000c1602000,0x00000000c4100000)
 Metaspace       used 9842K, capacity 9996K, committed 10112K, reserved 1062912K
  class space    used 1270K, capacity 1350K, committed 1408K, reserved 1048576K
}
Event: 4.671 GC heap before
{Heap before GC invocations=2 (full 1):
 PSYoungGen      total 18944K, used 1664K [0x00000000eb200000, 0x00000000ec700000, 0x0000000100000000)
  eden space 16384K, 0% used [0x00000000eb200000,0x00000000eb200000,0x00000000ec200000)
  from space 2560K, 65% used [0x00000000ec200000,0x00000000ec3a0020,0x00000000ec480000)
  to   space 2560K, 0% used [0x00000000ec480000,0x00000000ec480000,0x00000000ec700000)
 ParOldGen       total 44032K, used 8K [0x00000000c1600000, 0x00000000c4100000, 0x00000000eb200000)
  object space 44032K, 0% used [0x00000000c1600000,0x00000000c1602000,0x00000000c4100000)
 Metaspace       used 9842K, capacity 9996K, committed 10112K, reserved 1062912K
  class space    used 1270K, capacity 1350K, committed 1408K, reserved 1048576K
Event: 4.775 GC heap after
Heap after GC invocations=2 (full 1):
 PSYoungGen      total 18944K, used 0K [0x00000000eb200000, 0x00000000ec700000, 0x0000000100000000)
  eden space 16384K, 0% used [0x00000000eb200000,0x00000000eb200000,0x00000000ec200000)
  from space 2560K, 0% used [0x00000000ec200000,0x00000000ec200000,0x00000000ec480000)
  to   space 2560K, 0% used [0x00000000ec480000,0x00000000ec480000,0x00000000ec700000)
 ParOldGen       total 33280K, used 1567K [0x00000000c1600000, 0x00000000c3680000, 0x00000000eb200000)
  object space 33280K, 4% used [0x00000000c1600000,0x00000000c1787d00,0x00000000c3680000)
 Metaspace       used 9842K, capacity 9996K, committed 10112K, reserved 1060864K
  class space    used 1270K, capacity 1350K, committed 1408K, reserved 1048576K
}
Event: 6.778 GC heap before
{Heap before GC invocations=3 (full 1):
 PSYoungGen      total 18944K, used 1430K [0x00000000eb200000, 0x00000000ec700000, 0x0000000100000000)
  eden space 16384K, 8% used [0x00000000eb200000,0x00000000eb365aa0,0x00000000ec200000)
  from space 2560K, 0% used [0x00000000ec200000,0x00000000ec200000,0x00000000ec480000)
  to   space 2560K, 0% used [0x00000000ec480000,0x00000000ec480000,0x00000000ec700000)
 ParOldGen       total 33280K, used 1567K [0x00000000c1600000, 0x00000000c3680000, 0x00000000eb200000)
  object space 33280K, 4% used [0x00000000c1600000,0x00000000c1787d00,0x00000000c3680000)
 Metaspace       used 11153K, capacity 11320K, committed 11520K, reserved 1062912K
  class space    used 1449K, capacity 1512K, committed 1536K, reserved 1048576K
Event: 6.834 GC heap after
Heap after GC invocations=3 (full 1):
 PSYoungGen      total 18944K, used 1662K [0x00000000eb200000, 0x00000000ec700000, 0x0000000100000000)
  eden space 16384K, 0% used [0x00000000eb200000,0x00000000eb200000,0x00000000ec200000)
  from space 2560K, 64% used [0x00000000ec480000,0x00000000ec61f8e0,0x00000000ec700000)
  to   space 2560K, 0% used [0x00000000ec200000,0x00000000ec200000,0x00000000ec480000)
 ParOldGen       total 33280K, used 1575K [0x00000000c1600000, 0x00000000c3680000, 0x00000000eb200000)
  object space 33280K, 4% used [0x00000000c1600000,0x00000000c1789d00,0x00000000c3680000)
 Metaspace       used 11153K, capacity 11320K, committed 11520K, reserved 1062912K
  class space    used 1449K, capacity 1512K, committed 1536K, reserved 1048576K
}
Event: 6.834 GC heap before
{Heap before GC invocations=4 (full 2):
 PSYoungGen      total 18944K, used 1662K [0x00000000eb200000, 0x00000000ec700000, 0x0000000100000000)
  eden space 16384K, 0% used [0x00000000eb200000,0x00000000eb200000,0x00000000ec200000)
  from space 2560K, 64% used [0x00000000ec480000,0x00000000ec61f8e0,0x00000000ec700000)
  to   space 2560K, 0% used [0x00000000ec200000,0x00000000ec200000,0x00000000ec480000)
 ParOldGen       total 33280K, used 1575K [0x00000000c1600000, 0x00000000c3680000, 0x00000000eb200000)
  object space 33280K, 4% used [0x00000000c1600000,0x00000000c1789d00,0x00000000c3680000)
 Metaspace       used 11153K, capacity 11320K, committed 11520K, reserved 1062912K
  class space    used 1449K, capacity 1512K, committed 1536K, reserved 1048576K
Event: 6.900 GC heap after
Heap after GC invocations=4 (full 2):
 PSYoungGen      total 18944K, used 0K [0x00000000eb200000, 0x00000000ec700000, 0x0000000100000000)
  eden space 16384K, 0% used [0x00000000eb200000,0x00000000eb200000,0x00000000ec200000)
  from space 2560K, 0% used [0x00000000ec480000,0x00000000ec480000,0x00000000ec700000)
  to   space 2560K, 0% used [0x00000000ec200000,0x00000000ec200000,0x00000000ec480000)
 ParOldGen       total 33280K, used 2188K [0x00000000c1600000, 0x00000000c3680000, 0x00000000eb200000)
  object space 33280K, 6% used [0x00000000c1600000,0x00000000c18233d8,0x00000000c3680000)
 Metaspace       used 11153K, capacity 11320K, committed 11520K, reserved 1062912K
  class space    used 1449K, capacity 1512K, committed 1536K, reserved 1048576K
}

Deoptimization events (2 events):
Event: 1.716 Thread 0x000000ed3faa6800 Uncommon trap: reason=null_check action=make_not_entrant pc=0x000000ed416d6564 method=java.lang.String.equals(Ljava/lang/Object;)Z @ 8
Event: 5.301 Thread 0x000000ed55a94000 Uncommon trap: reason=bimorphic action=maybe_recompile pc=0x000000ed41741680 method=java.util.HashMap.putVal(ILjava/lang/Object;Ljava/lang/Object;ZZ)Ljava/lang/Object; @ 152

Classes redefined (0 events):
No events

Internal exceptions (10 events):
Event: 3.014 Thread 0x000000ed3faa6800 Exception <a 'java/lang/ClassNotFoundException': ToolBar> (0x00000000eb5abb48) thrown at [C:\jenkins\workspace\8-2-build-windows-amd64-cygwin\jdk8u281\880\hotspot\src\share\vm\classfile\systemDictionary.cpp, line 212]
Event: 3.014 Thread 0x000000ed3faa6800 Exception <a 'java/lang/ClassNotFoundException': ToggleButton> (0x00000000eb5ac0f8) thrown at [C:\jenkins\workspace\8-2-build-windows-amd64-cygwin\jdk8u281\880\hotspot\src\share\vm\classfile\systemDictionary.cpp, line 212]
Event: 3.014 Thread 0x000000ed3faa6800 Exception <a 'java/lang/ClassNotFoundException': javax/swing/JToolBarSeparator> (0x00000000eb5ac558) thrown at [C:\jenkins\workspace\8-2-build-windows-amd64-cygwin\jdk8u281\880\hotspot\src\share\vm\classfile\systemDictionary.cpp, line 212]
Event: 3.014 Thread 0x000000ed3faa6800 Exception <a 'java/lang/ClassNotFoundException': ToolBarSeparator> (0x00000000eb5ac9f0) thrown at [C:\jenkins\workspace\8-2-build-windows-amd64-cygwin\jdk8u281\880\hotspot\src\share\vm\classfile\systemDictionary.cpp, line 212]
Event: 3.015 Thread 0x000000ed3faa6800 Exception <a 'java/lang/ClassNotFoundException': ToolTip> (0x00000000eb5ad130) thrown at [C:\jenkins\workspace\8-2-build-windows-amd64-cygwin\jdk8u281\880\hotspot\src\share\vm\classfile\systemDictionary.cpp, line 212]
Event: 3.020 Thread 0x000000ed3faa6800 Exception <a 'java/lang/ClassNotFoundException': Tree> (0x00000000eb5add50) thrown at [C:\jenkins\workspace\8-2-build-windows-amd64-cygwin\jdk8u281\880\hotspot\src\share\vm\classfile\systemDictionary.cpp, line 212]
Event: 3.020 Thread 0x000000ed3faa6800 Exception <a 'java/lang/ClassNotFoundException': Tree> (0x00000000eb5ae490) thrown at [C:\jenkins\workspace\8-2-build-windows-amd64-cygwin\jdk8u281\880\hotspot\src\share\vm\classfile\systemDictionary.cpp, line 212]
Event: 3.020 Thread 0x000000ed3faa6800 Exception <a 'java/lang/ClassNotFoundException': javax/swing/JTreeCell> (0x00000000eb5ae810) thrown at [C:\jenkins\workspace\8-2-build-windows-amd64-cygwin\jdk8u281\880\hotspot\src\share\vm\classfile\systemDictionary.cpp, line 212]
Event: 3.020 Thread 0x000000ed3faa6800 Exception <a 'java/lang/ClassNotFoundException': TreeCell> (0x00000000eb5aec98) thrown at [C:\jenkins\workspace\8-2-build-windows-amd64-cygwin\jdk8u281\880\hotspot\src\share\vm\classfile\systemDictionary.cpp, line 212]
Event: 3.039 Thread 0x000000ed3faa6800 Exception <a 'java/lang/ClassNotFoundException': RootPane> (0x00000000eb5af6f8) thrown at [C:\jenkins\workspace\8-2-build-windows-amd64-cygwin\jdk8u281\880\hotspot\src\share\vm\classfile\systemDictionary.cpp, line 212]

Events (10 events):
Event: 6.914 loading class sun/awt/image/MultiResolutionImage
Event: 6.914 loading class sun/awt/image/MultiResolutionImage done
Event: 6.914 loading class sun/awt/image/ToolkitImage
Event: 6.914 loading class sun/awt/image/ToolkitImage done
Event: 6.915 loading class sun/java2d/loops/Blit$GeneralMaskBlit
Event: 6.915 loading class sun/java2d/loops/Blit$GeneralMaskBlit done
Event: 6.926 loading class java/awt/PrintGraphics
Event: 6.926 loading class java/awt/PrintGraphics done
Event: 6.927 loading class sun/java2d/loops/FontInfo
Event: 6.927 loading class sun/java2d/loops/FontInfo done


Dynamic libraries:
0x00007ff630150000 - 0x00007ff630197000 	C:\Program Files\Java\jdk1.8.0_281\bin\java.exe
0x00007ffd52790000 - 0x00007ffd5293d000 	C:\Windows\SYSTEM32\ntdll.dll
0x00007ffd51ff0000 - 0x00007ffd5212f000 	C:\Windows\system32\KERNEL32.DLL
0x00007ffd4fcf0000 - 0x00007ffd4fe05000 	C:\Windows\system32\KERNELBASE.dll
0x00007ffd4e480000 - 0x00007ffd4e50e000 	C:\Windows\system32\apphelp.dll
0x00007ffd49e10000 - 0x00007ffd49e65000 	C:\Windows\AppPatch\AppPatch64\AcGenral.DLL
0x00007ffd526e0000 - 0x00007ffd5278a000 	C:\Windows\system32\msvcrt.dll
0x00007ffd4fc10000 - 0x00007ffd4fc3e000 	C:\Windows\system32\SspiCli.dll
0x00007ffd500b0000 - 0x00007ffd50104000 	C:\Windows\system32\SHLWAPI.dll
0x00007ffd51db0000 - 0x00007ffd51f27000 	C:\Windows\system32\USER32.dll
0x00007ffd50110000 - 0x00007ffd502a5000 	C:\Windows\system32\ole32.dll
0x00007ffd50600000 - 0x00007ffd51b2e000 	C:\Windows\system32\SHELL32.dll
0x00007ffd4f280000 - 0x00007ffd4f2a1000 	C:\Windows\SYSTEM32\USERENV.dll
0x00007ffd50000000 - 0x00007ffd500aa000 	C:\Windows\system32\ADVAPI32.dll
0x00007ffd3c170000 - 0x00007ffd3c18e000 	C:\Windows\SYSTEM32\MPR.dll
0x00007ffd50380000 - 0x00007ffd504ba000 	C:\Windows\system32\RPCRT4.dll
0x00007ffd50520000 - 0x00007ffd50578000 	C:\Windows\SYSTEM32\sechost.dll
0x00007ffd524c0000 - 0x00007ffd526d1000 	C:\Windows\SYSTEM32\combase.dll
0x00007ffd52320000 - 0x00007ffd5246e000 	C:\Windows\system32\GDI32.dll
0x00007ffd4f8b0000 - 0x00007ffd4f8c5000 	C:\Windows\SYSTEM32\profapi.dll
0x00007ffd4da80000 - 0x00007ffd4db32000 	C:\Windows\SYSTEM32\SHCORE.dll
0x00007ffd52470000 - 0x00007ffd524a6000 	C:\Windows\system32\IMM32.DLL
0x00007ffd4fe40000 - 0x00007ffd4ff91000 	C:\Windows\system32\MSCTF.dll
0x00007ffd4c830000 - 0x00007ffd4caab000 	C:\Windows\WinSxS\amd64_microsoft.windows.common-controls_6595b64144ccf1df_6.0.9600.19394_none_62486577ecb635cf\COMCTL32.dll
0x00007ffd4d540000 - 0x00007ffd4d555000 	C:\Program Files\Java\jdk1.8.0_281\jre\bin\vcruntime140.dll
0x00007ffd48500000 - 0x00007ffd48504000 	C:\Program Files\Java\jdk1.8.0_281\jre\bin\api-ms-win-crt-runtime-l1-1-0.dll
0x00007ffd461f0000 - 0x00007ffd461f3000 	C:\Program Files\Java\jdk1.8.0_281\jre\bin\api-ms-win-crt-heap-l1-1-0.dll
0x00007ffd4d420000 - 0x00007ffd4d424000 	C:\Program Files\Java\jdk1.8.0_281\jre\bin\api-ms-win-crt-string-l1-1-0.dll
0x00007ffd4d430000 - 0x00007ffd4d434000 	C:\Program Files\Java\jdk1.8.0_281\jre\bin\api-ms-win-crt-stdio-l1-1-0.dll
0x00007ffd45b70000 - 0x00007ffd45b74000 	C:\Program Files\Java\jdk1.8.0_281\jre\bin\api-ms-win-crt-convert-l1-1-0.dll
0x00007ffd28fc0000 - 0x00007ffd290ba000 	C:\Program Files\Java\jdk1.8.0_281\jre\bin\ucrtbase.DLL
0x00007ffd287e0000 - 0x00007ffd2887b000 	C:\Program Files\Java\jdk1.8.0_281\jre\bin\msvcp140.dll
0x00007ffd4e1f0000 - 0x00007ffd4e1f3000 	C:\Program Files\Java\jdk1.8.0_281\jre\bin\api-ms-win-crt-locale-l1-1-0.dll
0x00007ffd4cd70000 - 0x00007ffd4cd75000 	C:\Program Files\Java\jdk1.8.0_281\jre\bin\api-ms-win-crt-math-l1-1-0.dll
0x00007ffd4cd50000 - 0x00007ffd4cd53000 	C:\Program Files\Java\jdk1.8.0_281\jre\bin\api-ms-win-crt-filesystem-l1-1-0.dll
0x00007ffd3baf0000 - 0x00007ffd3baf3000 	C:\Program Files\Java\jdk1.8.0_281\jre\bin\api-ms-win-crt-time-l1-1-0.dll
0x00007ffd4d410000 - 0x00007ffd4d413000 	C:\Program Files\Java\jdk1.8.0_281\jre\bin\api-ms-win-crt-environment-l1-1-0.dll
0x00007ffd4cd60000 - 0x00007ffd4cd63000 	C:\Program Files\Java\jdk1.8.0_281\jre\bin\api-ms-win-crt-utility-l1-1-0.dll
0x000000005ccf0000 - 0x000000005d54f000 	C:\Program Files\Java\jdk1.8.0_281\jre\bin\server\jvm.dll
0x00007ffd45880000 - 0x00007ffd45889000 	C:\Windows\SYSTEM32\WSOCK32.dll
0x00007ffd3cdd0000 - 0x00007ffd3cdf2000 	C:\Windows\SYSTEM32\WINMM.dll
0x00007ffd474d0000 - 0x00007ffd474da000 	C:\Windows\SYSTEM32\VERSION.dll
0x00007ffd524b0000 - 0x00007ffd524b7000 	C:\Windows\system32\PSAPI.DLL
0x00007ffd4ffa0000 - 0x00007ffd4fffa000 	C:\Windows\system32\WS2_32.dll
0x00007ffd3cda0000 - 0x00007ffd3cdca000 	C:\Windows\SYSTEM32\WINMMBASE.dll
0x00007ffd52130000 - 0x00007ffd52139000 	C:\Windows\system32\NSI.dll
0x00007ffd4f980000 - 0x00007ffd4f9cf000 	C:\Windows\SYSTEM32\cfgmgr32.dll
0x00007ffd4e6e0000 - 0x00007ffd4e708000 	C:\Windows\SYSTEM32\DEVOBJ.dll
0x00007ffd4e280000 - 0x00007ffd4e290000 	C:\Program Files\Java\jdk1.8.0_281\jre\bin\verify.dll
0x00007ffd4e250000 - 0x00007ffd4e27b000 	C:\Program Files\Java\jdk1.8.0_281\jre\bin\java.dll
0x00007ffd3ba40000 - 0x00007ffd3ba58000 	C:\Program Files\Java\jdk1.8.0_281\jre\bin\zip.dll
0x00007ffd1dac0000 - 0x00007ffd1dc55000 	C:\Program Files\Java\jdk1.8.0_281\jre\bin\awt.dll
0x00007ffd502b0000 - 0x00007ffd50376000 	C:\Windows\system32\OLEAUT32.dll
0x00007ffd4e550000 - 0x00007ffd4e679000 	C:\Windows\system32\uxtheme.dll
0x00007ffd4d860000 - 0x00007ffd4d881000 	C:\Windows\system32\dwmapi.dll
0x00007ffd4e6d0000 - 0x00007ffd4e6db000 	C:\Windows\SYSTEM32\kernel.appcore.dll
0x00007ffd4f780000 - 0x00007ffd4f78b000 	C:\Windows\SYSTEM32\CRYPTBASE.dll
0x00007ffd4f710000 - 0x00007ffd4f773000 	C:\Windows\SYSTEM32\bcryptPrimitives.dll
0x00007ffd33560000 - 0x00007ffd335a9000 	C:\Program Files\Java\jdk1.8.0_281\jre\bin\fontmanager.dll
0x00007ffd3a570000 - 0x00007ffd3a69b000 	C:\Windows\system32\opengl32.dll
0x00007ffd4afa0000 - 0x00007ffd4afce000 	C:\Windows\SYSTEM32\GLU32.dll
0x00007ffd3a2d0000 - 0x00007ffd3a3c8000 	C:\Windows\SYSTEM32\DDRAW.dll
0x00007ffd4b630000 - 0x00007ffd4b639000 	C:\Windows\SYSTEM32\DCIMAN32.dll
0x00007ffd51cf0000 - 0x00007ffd51da6000 	C:\Windows\SYSTEM32\clbcatq.dll
0x00007ffd4b420000 - 0x00007ffd4b5cf000 	C:\Windows\SYSTEM32\WindowsCodecs.dll
0x00007ffd4f0c0000 - 0x00007ffd4f0e0000 	C:\Windows\SYSTEM32\CRYPTSP.dll
0x00007ffd4f220000 - 0x00007ffd4f256000 	C:\Windows\system32\rsaenh.dll
0x00007ffd4f390000 - 0x00007ffd4f3b6000 	C:\Windows\SYSTEM32\bcrypt.dll
0x00007ffd39be0000 - 0x00007ffd39bfc000 	C:\Program Files\Java\jdk1.8.0_281\jre\bin\net.dll
0x00007ffd4f060000 - 0x00007ffd4f0b9000 	C:\Windows\system32\mswsock.dll
0x00007ffd39250000 - 0x00007ffd39263000 	C:\Program Files\Java\jdk1.8.0_281\jre\bin\nio.dll
0x00007ffd33360000 - 0x00007ffd333a3000 	C:\Program Files\Java\jdk1.8.0_281\jre\bin\t2k.dll
0x00007ffd4d0f0000 - 0x00007ffd4d11a000 	C:\Program Files\Java\jdk1.8.0_281\jre\bin\dcpr.dll
0x00007ffd475c0000 - 0x00007ffd47749000 	C:\Windows\SYSTEM32\dbghelp.dll

VM Arguments:
jvm_args: -Dfile.encoding=UTF-8 
java_command: Calculator.Calculator
java_class_path (initial): C:\Users\User\Documents\NetBeansProjects\Calculator\build\classes
Launcher Type: SUN_STANDARD

Environment Variables:
PATH=C:\Program Files (x86)\Common Files\Oracle\Java\javapath;C:\Program Files (x86)\Intel\TXE Components\TCS\;C:\Program Files\Intel\TXE Components\TCS\;C:\Program Files (x86)\Common Files\ArcSoft\Bin;C:\Windows\system32;C:\Windows;C:\Windows\System32\Wbem;C:\Windows\System32\WindowsPowerShell\v1.0\;C:\Program Files\Intel\WiFi\bin\;C:\Program Files\Common Files\Intel\WirelessCommon\;C:\Program Files\Intel\TXE Components\DAL\;C:\Program Files (x86)\Intel\TXE Components\DAL\;C:\Program Files\Intel\TXE Components\IPT\;C:\Program Files (x86)\Intel\TXE Components\IPT\;C:\Program Files\Intel\WiFi\bin\;C:\Program Files\Common Files\Intel\WirelessCommon\
USERNAME=User
OS=Windows_NT
PROCESSOR_IDENTIFIER=Intel64 Family 6 Model 76 Stepping 3, GenuineIntel



---------------  S Y S T E M  ---------------

OS: Windows 8.1 , 64 bit Build 9600 (6.3.9600.19994)

CPU:total 4 (initial active 4) (4 cores per cpu, 1 threads per core) family 6 model 76 stepping 3, cmov, cx8, fxsr, mmx, sse, sse2, sse3, ssse3, sse4.1, sse4.2, popcnt, aes, clmul, erms, 3dnowpref, tsc, tscinvbit

Memory: 4k page, physical 4103776k(608908k free), swap 7249504k(23500k free)

vm_info: Java HotSpot(TM) 64-Bit Server VM (25.281-b09) for windows-amd64 JRE (1.8.0_281-b09), built on Dec  9 2020 13:54:07 by "" with MS VC++ 15.9 (VS2017)

time: Mon May 24 21:26:10 2021
timezone: Bangladesh Standard Time
elapsed time: 8.446183 seconds (0d 0h 0m 8s)

