#
# There is insufficient memory for the Java Runtime Environment to continue.
# Native memory allocation (malloc) failed to allocate 32784 bytes for Chunk::new
# Possible reasons:
#   The system is out of physical RAM or swap space
#   The process is running with CompressedOops enabled, and the Java Heap may be blocking the growth of the native heap
# Possible solutions:
#   Reduce memory load on the system
#   Increase physical memory or swap space
#   Check if swap backing store is full
#   Decrease Java heap size (-Xmx/-Xms)
#   Decrease number of Java threads
#   Decrease Java thread stack sizes (-Xss)
#   Set larger code cache with -XX:ReservedCodeCacheSize=
#   JVM is running with Unscaled Compressed Oops mode in which the Java heap is
#     placed in the first 4GB address space. The Java Heap base address is the
#     maximum limit for the native heap growth. Please use -XX:HeapBaseMinAddress
#     to set the Java Heap base and to place the Java Heap above 4GB virtual address.
# This output file may be truncated or incomplete.
#
#  Out of Memory Error (allocation.cpp:389), pid=5600, tid=0x00000000000021d8
#
# JRE version: Java(TM) SE Runtime Environment (8.0_281-b09) (build 1.8.0_281-b09)
# Java VM: Java HotSpot(TM) 64-Bit Server VM (25.281-b09 mixed mode windows-amd64 compressed oops)
# Failed to write core dump. Minidumps are not enabled by default on client versions of Windows
#

---------------  T H R E A D  ---------------

Current thread (0x000000e7cbecf000):  JavaThread "C1 CompilerThread2" daemon [_thread_in_native, id=8664, stack(0x000000e7cd100000,0x000000e7cd200000)]

Stack: [0x000000e7cd100000,0x000000e7cd200000]
Native frames: (J=compiled Java code, j=interpreted, Vv=VM code, C=native code)
V  [jvm.dll+0x32e5b9]
V  [jvm.dll+0x275012]
V  [jvm.dll+0x275cbd]
V  [jvm.dll+0x26c6f5]
V  [jvm.dll+0xd51fc]
V  [jvm.dll+0xd59fc]
V  [jvm.dll+0x269b3b]
V  [jvm.dll+0x2bf45c]
V  [jvm.dll+0x412386]
V  [jvm.dll+0x40a111]
V  [jvm.dll+0x407c8e]
V  [jvm.dll+0x3f45b0]
V  [jvm.dll+0x3e0543]
V  [jvm.dll+0x3dfe3d]
V  [jvm.dll+0x3e001e]
V  [jvm.dll+0x3df771]
V  [jvm.dll+0x3e11af]
V  [jvm.dll+0xabe9b]
V  [jvm.dll+0xaa4fb]
V  [jvm.dll+0x23d6b2]
V  [jvm.dll+0x291cbc]
C  [ucrtbase.DLL+0x1d912]
C  [KERNEL32.DLL+0x13f2]
C  [ntdll.dll+0x154f4]


Current CompileTask:
C1:   6516  502       3       javax.swing.plaf.nimbus.NimbusStyle::validate (1178 bytes)


---------------  P R O C E S S  ---------------

Java Threads: ( => current thread )
  0x000000e7cfa78000 JavaThread "TimerQueue" daemon [_thread_blocked, id=2220, stack(0x000000e7d1970000,0x000000e7d1a70000)]
  0x000000e7b78c6800 JavaThread "DestroyJavaVM" [_thread_blocked, id=6996, stack(0x000000e7b90d0000,0x000000e7b91d0000)]
  0x000000e7cd729800 JavaThread "AWT-EventQueue-0" [_thread_blocked, id=2380, stack(0x000000e7cf1f0000,0x000000e7cf2f0000)]
  0x000000e7cd6ae000 JavaThread "AWT-Windows" daemon [_thread_in_native, id=5668, stack(0x000000e7cdaf0000,0x000000e7cdbf0000)]
  0x000000e7cd6a9000 JavaThread "AWT-Shutdown" [_thread_blocked, id=7720, stack(0x000000e7cd9f0000,0x000000e7cdaf0000)]
  0x000000e7cd6a2000 JavaThread "Java2D Disposer" daemon [_thread_blocked, id=692, stack(0x000000e7cd8f0000,0x000000e7cd9f0000)]
  0x000000e7cbed3800 JavaThread "Service Thread" daemon [_thread_blocked, id=5640, stack(0x000000e7cd200000,0x000000e7cd300000)]
=>0x000000e7cbecf000 JavaThread "C1 CompilerThread2" daemon [_thread_in_native, id=8664, stack(0x000000e7cd100000,0x000000e7cd200000)]
  0x000000e7cbec8000 JavaThread "C2 CompilerThread1" daemon [_thread_in_native, id=9000, stack(0x000000e7cd000000,0x000000e7cd100000)]
  0x000000e7cbe75800 JavaThread "C2 CompilerThread0" daemon [_thread_blocked, id=6736, stack(0x000000e7ccf00000,0x000000e7cd000000)]
  0x000000e7cbe72000 JavaThread "Attach Listener" daemon [_thread_blocked, id=4236, stack(0x000000e7cce00000,0x000000e7ccf00000)]
  0x000000e7cbe71800 JavaThread "Signal Dispatcher" daemon [_thread_blocked, id=3708, stack(0x000000e7ccd00000,0x000000e7cce00000)]
  0x000000e7cb72b000 JavaThread "Finalizer" daemon [_thread_blocked, id=3320, stack(0x000000e7ccb20000,0x000000e7ccc20000)]
  0x000000e7cbe56000 JavaThread "Reference Handler" daemon [_thread_blocked, id=4568, stack(0x000000e7cca20000,0x000000e7ccb20000)]

Other Threads:
  0x000000e7cbe33000 VMThread [stack: 0x000000e7cc920000,0x000000e7cca20000] [id=6748]
  0x000000e7cbed7800 WatcherThread [stack: 0x000000e7cd300000,0x000000e7cd400000] [id=7672]

VM state:not at safepoint (normal execution)

VM Mutex/Monitor currently owned by a thread: None

heap address: 0x00000000c1600000, size: 1002 MB, Compressed Oops mode: 32-bit
Narrow klass base: 0x0000000000000000, Narrow klass shift: 3
Compressed class space size: 1073741824 Address: 0x0000000100000000

Heap:
 PSYoungGen      total 18944K, used 7007K [0x00000000eb200000, 0x00000000ec700000, 0x0000000100000000)
  eden space 16384K, 42% used [0x00000000eb200000,0x00000000eb8d7fa0,0x00000000ec200000)
  from space 2560K, 0% used [0x00000000ec480000,0x00000000ec480000,0x00000000ec700000)
  to   space 2560K, 0% used [0x00000000ec200000,0x00000000ec200000,0x00000000ec480000)
 ParOldGen       total 44032K, used 0K [0x00000000c1600000, 0x00000000c4100000, 0x00000000eb200000)
  object space 44032K, 0% used [0x00000000c1600000,0x00000000c1600000,0x00000000c4100000)
 Metaspace       used 11550K, capacity 11704K, committed 11904K, reserved 1058816K
  class space    used 1504K, capacity 1576K, committed 1664K, reserved 1048576K

Card table byte_map: [0x000000e7c8590000,0x000000e7c8790000] byte_map_base: 0x000000e7c7f85000

Marking Bits: (ParMarkBitMap*) 0x000000005d4d6ff0
 Begin Bits: [0x000000e7c8ce0000, 0x000000e7c9c88000)
 End Bits:   [0x000000e7c9c88000, 0x000000e7cac30000)

Polling page: 0x000000e7b7800000

CodeCache: size=245760Kb used=2136Kb max_used=2147Kb free=243623Kb
 bounds [0x000000e7b91d0000, 0x000000e7b9440000, 0x000000e7c81d0000]
 total_blobs=981 nmethods=502 adapters=393
 compilation: enabled

Compilation events (10 events):
Event: 6.002 Thread 0x000000e7cbec8000 nmethod 497 0x000000e7b93e76d0 code [0x000000e7b93e7820, 0x000000e7b93e7a38]
Event: 6.010 Thread 0x000000e7cbecf000  498       3       java.awt.geom.Rectangle2D::<init> (5 bytes)
Event: 6.010 Thread 0x000000e7cbecf000 nmethod 498 0x000000e7b93e3c10 code [0x000000e7b93e3d80, 0x000000e7b93e3f98]
Event: 6.013 Thread 0x000000e7cbecf000  499       1       sun.java2d.SurfaceData::isValid (5 bytes)
Event: 6.014 Thread 0x000000e7cbecf000 nmethod 499 0x000000e7b93e3950 code [0x000000e7b93e3aa0, 0x000000e7b93e3bb8]
Event: 6.014 Thread 0x000000e7cbecf000  500       3       java.lang.StrictMath::floorOrCeil (128 bytes)
Event: 6.014 Thread 0x000000e7cbecf000 nmethod 500 0x000000e7b93e3250 code [0x000000e7b93e33c0, 0x000000e7b93e3858]
Event: 6.015 Thread 0x000000e7cbecf000  501       3       java.lang.Math::getExponent (17 bytes)
Event: 6.015 Thread 0x000000e7cbecf000 nmethod 501 0x000000e7b93e2f10 code [0x000000e7b93e3060, 0x000000e7b93e31d8]
Event: 6.016 Thread 0x000000e7cbecf000  502       3       javax.swing.plaf.nimbus.NimbusStyle::validate (1178 bytes)

GC Heap History (0 events):
No events

Deoptimization events (2 events):
Event: 2.867 Thread 0x000000e7b78c6800 Uncommon trap: reason=null_check action=make_not_entrant pc=0x000000e7b93574e4 method=java.lang.String.equals(Ljava/lang/Object;)Z @ 8
Event: 5.730 Thread 0x000000e7cd729800 Uncommon trap: reason=bimorphic action=maybe_recompile pc=0x000000e7b93bdb00 method=java.util.HashMap.putVal(ILjava/lang/Object;Ljava/lang/Object;ZZ)Ljava/lang/Object; @ 152

Classes redefined (0 events):
No events

Internal exceptions (10 events):
Event: 3.415 Thread 0x000000e7b78c6800 Exception <a 'java/lang/ClassNotFoundException': ToolBar> (0x00000000eb559bd8) thrown at [C:\jenkins\workspace\8-2-build-windows-amd64-cygwin\jdk8u281\880\hotspot\src\share\vm\classfile\systemDictionary.cpp, line 212]
Event: 3.415 Thread 0x000000e7b78c6800 Exception <a 'java/lang/ClassNotFoundException': ToggleButton> (0x00000000eb55a188) thrown at [C:\jenkins\workspace\8-2-build-windows-amd64-cygwin\jdk8u281\880\hotspot\src\share\vm\classfile\systemDictionary.cpp, line 212]
Event: 3.415 Thread 0x000000e7b78c6800 Exception <a 'java/lang/ClassNotFoundException': javax/swing/JToolBarSeparator> (0x00000000eb55a5e8) thrown at [C:\jenkins\workspace\8-2-build-windows-amd64-cygwin\jdk8u281\880\hotspot\src\share\vm\classfile\systemDictionary.cpp, line 212]
Event: 3.415 Thread 0x000000e7b78c6800 Exception <a 'java/lang/ClassNotFoundException': ToolBarSeparator> (0x00000000eb55aa80) thrown at [C:\jenkins\workspace\8-2-build-windows-amd64-cygwin\jdk8u281\880\hotspot\src\share\vm\classfile\systemDictionary.cpp, line 212]
Event: 3.416 Thread 0x000000e7b78c6800 Exception <a 'java/lang/ClassNotFoundException': ToolTip> (0x00000000eb55b1c0) thrown at [C:\jenkins\workspace\8-2-build-windows-amd64-cygwin\jdk8u281\880\hotspot\src\share\vm\classfile\systemDictionary.cpp, line 212]
Event: 3.420 Thread 0x000000e7b78c6800 Exception <a 'java/lang/ClassNotFoundException': Tree> (0x00000000eb55bde0) thrown at [C:\jenkins\workspace\8-2-build-windows-amd64-cygwin\jdk8u281\880\hotspot\src\share\vm\classfile\systemDictionary.cpp, line 212]
Event: 3.421 Thread 0x000000e7b78c6800 Exception <a 'java/lang/ClassNotFoundException': Tree> (0x00000000eb55c520) thrown at [C:\jenkins\workspace\8-2-build-windows-amd64-cygwin\jdk8u281\880\hotspot\src\share\vm\classfile\systemDictionary.cpp, line 212]
Event: 3.421 Thread 0x000000e7b78c6800 Exception <a 'java/lang/ClassNotFoundException': javax/swing/JTreeCell> (0x00000000eb55c8a0) thrown at [C:\jenkins\workspace\8-2-build-windows-amd64-cygwin\jdk8u281\880\hotspot\src\share\vm\classfile\systemDictionary.cpp, line 212]
Event: 3.421 Thread 0x000000e7b78c6800 Exception <a 'java/lang/ClassNotFoundException': TreeCell> (0x00000000eb55cd28) thrown at [C:\jenkins\workspace\8-2-build-windows-amd64-cygwin\jdk8u281\880\hotspot\src\share\vm\classfile\systemDictionary.cpp, line 212]
Event: 3.426 Thread 0x000000e7b78c6800 Exception <a 'java/lang/ClassNotFoundException': RootPane> (0x00000000eb55d788) thrown at [C:\jenkins\workspace\8-2-build-windows-amd64-cygwin\jdk8u281\880\hotspot\src\share\vm\classfile\systemDictionary.cpp, line 212]

Events (10 events):
Event: 5.927 loading class sun/awt/image/MultiResolutionImage
Event: 5.928 loading class sun/awt/image/MultiResolutionImage done
Event: 5.928 loading class sun/awt/image/ToolkitImage
Event: 5.928 loading class sun/awt/image/ToolkitImage done
Event: 5.930 loading class sun/java2d/loops/Blit$GeneralMaskBlit
Event: 5.930 loading class sun/java2d/loops/Blit$GeneralMaskBlit done
Event: 5.946 loading class java/awt/PrintGraphics
Event: 5.946 loading class java/awt/PrintGraphics done
Event: 5.946 loading class sun/java2d/loops/FontInfo
Event: 5.947 loading class sun/java2d/loops/FontInfo done


Dynamic libraries:
0x00007ff630150000 - 0x00007ff630197000 	C:\Program Files\Java\jdk1.8.0_281\bin\java.exe
0x00007ffd52790000 - 0x00007ffd5293d000 	C:\Windows\SYSTEM32\ntdll.dll
0x00007ffd51ff0000 - 0x00007ffd5212f000 	C:\Windows\system32\KERNEL32.DLL
0x00007ffd4fcf0000 - 0x00007ffd4fe05000 	C:\Windows\system32\KERNELBASE.dll
0x00007ffd4e480000 - 0x00007ffd4e50e000 	C:\Windows\system32\apphelp.dll
0x00007ffd49e10000 - 0x00007ffd49e65000 	C:\Windows\AppPatch\AppPatch64\AcGenral.DLL
0x00007ffd526e0000 - 0x00007ffd5278a000 	C:\Windows\system32\msvcrt.dll
0x00007ffd4fc10000 - 0x00007ffd4fc3e000 	C:\Windows\system32\SspiCli.dll
0x00007ffd500b0000 - 0x00007ffd50104000 	C:\Windows\system32\SHLWAPI.dll
0x00007ffd51db0000 - 0x00007ffd51f27000 	C:\Windows\system32\USER32.dll
0x00007ffd50110000 - 0x00007ffd502a5000 	C:\Windows\system32\ole32.dll
0x00007ffd50600000 - 0x00007ffd51b2e000 	C:\Windows\system32\SHELL32.dll
0x00007ffd4f280000 - 0x00007ffd4f2a1000 	C:\Windows\SYSTEM32\USERENV.dll
0x00007ffd50000000 - 0x00007ffd500aa000 	C:\Windows\system32\ADVAPI32.dll
0x00007ffd3c170000 - 0x00007ffd3c18e000 	C:\Windows\SYSTEM32\MPR.dll
0x00007ffd50380000 - 0x00007ffd504ba000 	C:\Windows\system32\RPCRT4.dll
0x00007ffd50520000 - 0x00007ffd50578000 	C:\Windows\SYSTEM32\sechost.dll
0x00007ffd524c0000 - 0x00007ffd526d1000 	C:\Windows\SYSTEM32\combase.dll
0x00007ffd52320000 - 0x00007ffd5246e000 	C:\Windows\system32\GDI32.dll
0x00007ffd4f8b0000 - 0x00007ffd4f8c5000 	C:\Windows\SYSTEM32\profapi.dll
0x00007ffd4da80000 - 0x00007ffd4db32000 	C:\Windows\SYSTEM32\SHCORE.dll
0x00007ffd52470000 - 0x00007ffd524a6000 	C:\Windows\system32\IMM32.DLL
0x00007ffd4fe40000 - 0x00007ffd4ff91000 	C:\Windows\system32\MSCTF.dll
0x00007ffd4c830000 - 0x00007ffd4caab000 	C:\Windows\WinSxS\amd64_microsoft.windows.common-controls_6595b64144ccf1df_6.0.9600.19394_none_62486577ecb635cf\COMCTL32.dll
0x00007ffd4d540000 - 0x00007ffd4d555000 	C:\Program Files\Java\jdk1.8.0_281\jre\bin\vcruntime140.dll
0x00007ffd48500000 - 0x00007ffd48504000 	C:\Program Files\Java\jdk1.8.0_281\jre\bin\api-ms-win-crt-runtime-l1-1-0.dll
0x00007ffd461f0000 - 0x00007ffd461f3000 	C:\Program Files\Java\jdk1.8.0_281\jre\bin\api-ms-win-crt-heap-l1-1-0.dll
0x00007ffd4d420000 - 0x00007ffd4d424000 	C:\Program Files\Java\jdk1.8.0_281\jre\bin\api-ms-win-crt-string-l1-1-0.dll
0x00007ffd4d430000 - 0x00007ffd4d434000 	C:\Program Files\Java\jdk1.8.0_281\jre\bin\api-ms-win-crt-stdio-l1-1-0.dll
0x00007ffd45b70000 - 0x00007ffd45b74000 	C:\Program Files\Java\jdk1.8.0_281\jre\bin\api-ms-win-crt-convert-l1-1-0.dll
0x00007ffd28fc0000 - 0x00007ffd290ba000 	C:\Program Files\Java\jdk1.8.0_281\jre\bin\ucrtbase.DLL
0x00007ffd287e0000 - 0x00007ffd2887b000 	C:\Program Files\Java\jdk1.8.0_281\jre\bin\msvcp140.dll
0x00007ffd4e1f0000 - 0x00007ffd4e1f3000 	C:\Program Files\Java\jdk1.8.0_281\jre\bin\api-ms-win-crt-locale-l1-1-0.dll
0x00007ffd4cd70000 - 0x00007ffd4cd75000 	C:\Program Files\Java\jdk1.8.0_281\jre\bin\api-ms-win-crt-math-l1-1-0.dll
0x00007ffd4cd50000 - 0x00007ffd4cd53000 	C:\Program Files\Java\jdk1.8.0_281\jre\bin\api-ms-win-crt-filesystem-l1-1-0.dll
0x00007ffd3baf0000 - 0x00007ffd3baf3000 	C:\Program Files\Java\jdk1.8.0_281\jre\bin\api-ms-win-crt-time-l1-1-0.dll
0x00007ffd4d410000 - 0x00007ffd4d413000 	C:\Program Files\Java\jdk1.8.0_281\jre\bin\api-ms-win-crt-environment-l1-1-0.dll
0x00007ffd4cd60000 - 0x00007ffd4cd63000 	C:\Program Files\Java\jdk1.8.0_281\jre\bin\api-ms-win-crt-utility-l1-1-0.dll
0x000000005ccf0000 - 0x000000005d54f000 	C:\Program Files\Java\jdk1.8.0_281\jre\bin\server\jvm.dll
0x00007ffd45880000 - 0x00007ffd45889000 	C:\Windows\SYSTEM32\WSOCK32.dll
0x00007ffd3cdd0000 - 0x00007ffd3cdf2000 	C:\Windows\SYSTEM32\WINMM.dll
0x00007ffd474d0000 - 0x00007ffd474da000 	C:\Windows\SYSTEM32\VERSION.dll
0x00007ffd524b0000 - 0x00007ffd524b7000 	C:\Windows\system32\PSAPI.DLL
0x00007ffd4ffa0000 - 0x00007ffd4fffa000 	C:\Windows\system32\WS2_32.dll
0x00007ffd3cda0000 - 0x00007ffd3cdca000 	C:\Windows\SYSTEM32\WINMMBASE.dll
0x00007ffd52130000 - 0x00007ffd52139000 	C:\Windows\system32\NSI.dll
0x00007ffd4f980000 - 0x00007ffd4f9cf000 	C:\Windows\SYSTEM32\cfgmgr32.dll
0x00007ffd4e6e0000 - 0x00007ffd4e708000 	C:\Windows\SYSTEM32\DEVOBJ.dll
0x00007ffd4e280000 - 0x00007ffd4e290000 	C:\Program Files\Java\jdk1.8.0_281\jre\bin\verify.dll
0x00007ffd4e250000 - 0x00007ffd4e27b000 	C:\Program Files\Java\jdk1.8.0_281\jre\bin\java.dll
0x00007ffd3ba40000 - 0x00007ffd3ba58000 	C:\Program Files\Java\jdk1.8.0_281\jre\bin\zip.dll
0x00007ffd1dac0000 - 0x00007ffd1dc55000 	C:\Program Files\Java\jdk1.8.0_281\jre\bin\awt.dll
0x00007ffd502b0000 - 0x00007ffd50376000 	C:\Windows\system32\OLEAUT32.dll
0x00007ffd4e550000 - 0x00007ffd4e679000 	C:\Windows\system32\uxtheme.dll
0x00007ffd4d860000 - 0x00007ffd4d881000 	C:\Windows\system32\dwmapi.dll
0x00007ffd4e6d0000 - 0x00007ffd4e6db000 	C:\Windows\SYSTEM32\kernel.appcore.dll
0x00007ffd4f780000 - 0x00007ffd4f78b000 	C:\Windows\SYSTEM32\CRYPTBASE.dll
0x00007ffd4f710000 - 0x00007ffd4f773000 	C:\Windows\SYSTEM32\bcryptPrimitives.dll
0x00007ffd33560000 - 0x00007ffd335a9000 	C:\Program Files\Java\jdk1.8.0_281\jre\bin\fontmanager.dll
0x00007ffd3a570000 - 0x00007ffd3a69b000 	C:\Windows\system32\opengl32.dll
0x00007ffd4afa0000 - 0x00007ffd4afce000 	C:\Windows\SYSTEM32\GLU32.dll
0x00007ffd3a2d0000 - 0x00007ffd3a3c8000 	C:\Windows\SYSTEM32\DDRAW.dll
0x00007ffd4b630000 - 0x00007ffd4b639000 	C:\Windows\SYSTEM32\DCIMAN32.dll
0x00007ffd51cf0000 - 0x00007ffd51da6000 	C:\Windows\SYSTEM32\clbcatq.dll
0x00007ffd4b420000 - 0x00007ffd4b5cf000 	C:\Windows\SYSTEM32\WindowsCodecs.dll
0x00007ffd4f0c0000 - 0x00007ffd4f0e0000 	C:\Windows\SYSTEM32\CRYPTSP.dll
0x00007ffd4f220000 - 0x00007ffd4f256000 	C:\Windows\system32\rsaenh.dll
0x00007ffd4f390000 - 0x00007ffd4f3b6000 	C:\Windows\SYSTEM32\bcrypt.dll
0x00007ffd39be0000 - 0x00007ffd39bfc000 	C:\Program Files\Java\jdk1.8.0_281\jre\bin\net.dll
0x00007ffd4f060000 - 0x00007ffd4f0b9000 	C:\Windows\system32\mswsock.dll
0x00007ffd39250000 - 0x00007ffd39263000 	C:\Program Files\Java\jdk1.8.0_281\jre\bin\nio.dll
0x00007ffd33360000 - 0x00007ffd333a3000 	C:\Program Files\Java\jdk1.8.0_281\jre\bin\t2k.dll
0x00007ffd4d0f0000 - 0x00007ffd4d11a000 	C:\Program Files\Java\jdk1.8.0_281\jre\bin\dcpr.dll
0x00007ffd475c0000 - 0x00007ffd47749000 	C:\Windows\SYSTEM32\dbghelp.dll

VM Arguments:
jvm_args: -Dfile.encoding=UTF-8 
java_command: Calculator.Calculator
java_class_path (initial): C:\Users\User\Documents\NetBeansProjects\Calculator\build\classes
Launcher Type: SUN_STANDARD

Environment Variables:
PATH=C:\Program Files (x86)\Common Files\Oracle\Java\javapath;C:\Program Files (x86)\Intel\TXE Components\TCS\;C:\Program Files\Intel\TXE Components\TCS\;C:\Program Files (x86)\Common Files\ArcSoft\Bin;C:\Windows\system32;C:\Windows;C:\Windows\System32\Wbem;C:\Windows\System32\WindowsPowerShell\v1.0\;C:\Program Files\Intel\WiFi\bin\;C:\Program Files\Common Files\Intel\WirelessCommon\;C:\Program Files\Intel\TXE Components\DAL\;C:\Program Files (x86)\Intel\TXE Components\DAL\;C:\Program Files\Intel\TXE Components\IPT\;C:\Program Files (x86)\Intel\TXE Components\IPT\;C:\Program Files\Intel\WiFi\bin\;C:\Program Files\Common Files\Intel\WirelessCommon\
USERNAME=User
OS=Windows_NT
PROCESSOR_IDENTIFIER=Intel64 Family 6 Model 76 Stepping 3, GenuineIntel



---------------  S Y S T E M  ---------------

OS: Windows 8.1 , 64 bit Build 9600 (6.3.9600.19994)

CPU:total 4 (initial active 4) (4 cores per cpu, 1 threads per core) family 6 model 76 stepping 3, cmov, cx8, fxsr, mmx, sse, sse2, sse3, ssse3, sse4.1, sse4.2, popcnt, aes, clmul, erms, 3dnowpref, tsc, tscinvbit

Memory: 4k page, physical 4103776k(606832k free), swap 7249504k(26624k free)

vm_info: Java HotSpot(TM) 64-Bit Server VM (25.281-b09) for windows-amd64 JRE (1.8.0_281-b09), built on Dec  9 2020 13:54:07 by "" with MS VC++ 15.9 (VS2017)

time: Mon May 24 21:26:10 2021
timezone: Bangladesh Standard Time
elapsed time: 6.526326 seconds (0d 0h 0m 6s)

