#
# There is insufficient memory for the Java Runtime Environment to continue.
# Native memory allocation (malloc) failed to allocate 1792 bytes for AllocateHeap
# Possible reasons:
#   The system is out of physical RAM or swap space
#   The process is running with CompressedOops enabled, and the Java Heap may be blocking the growth of the native heap
# Possible solutions:
#   Reduce memory load on the system
#   Increase physical memory or swap space
#   Check if swap backing store is full
#   Decrease Java heap size (-Xmx/-Xms)
#   Decrease number of Java threads
#   Decrease Java thread stack sizes (-Xss)
#   Set larger code cache with -XX:ReservedCodeCacheSize=
#   JVM is running with Unscaled Compressed Oops mode in which the Java heap is
#     placed in the first 4GB address space. The Java Heap base address is the
#     maximum limit for the native heap growth. Please use -XX:HeapBaseMinAddress
#     to set the Java Heap base and to place the Java Heap above 4GB virtual address.
# This output file may be truncated or incomplete.
#
#  Out of Memory Error (memory/allocation.inline.hpp:61), pid=6036, tid=0x00000000000019f0
#
# JRE version: Java(TM) SE Runtime Environment (8.0_281-b09) (build 1.8.0_281-b09)
# Java VM: Java HotSpot(TM) 64-Bit Server VM (25.281-b09 mixed mode windows-amd64 compressed oops)
# Failed to write core dump. Minidumps are not enabled by default on client versions of Windows
#

---------------  T H R E A D  ---------------

Current thread (0x0000004456cdf000):  GCTaskThread [stack: 0x0000004467e10000,0x0000004467f10000] [id=6640]

Stack: [0x0000004467e10000,0x0000004467f10000]
Native frames: (J=compiled Java code, j=interpreted, Vv=VM code, C=native code)
V  [jvm.dll+0x32e5b9]

JavaThread 0x000000446cb80000 (nid = 7224) was being processed
Java frames: (J=compiled Java code, j=interpreted, Vv=VM code)
j  java.lang.Class.getDeclaredMethods0(Z)[Ljava/lang/reflect/Method;+0
j  java.lang.Class.privateGetDeclaredMethods(Z)[Ljava/lang/reflect/Method;+37
j  java.lang.Class.getDeclaredMethod(Ljava/lang/String;[Ljava/lang/Class;)Ljava/lang/reflect/Method;+11
j  javax.swing.SortingFocusTraversalPolicy$1.run()Ljava/lang/reflect/Method;+23
j  javax.swing.SortingFocusTraversalPolicy$1.run()Ljava/lang/Object;+1
v  ~StubRoutines::call_stub
j  java.security.AccessController.doPrivileged(Ljava/security/PrivilegedAction;)Ljava/lang/Object;+0
j  javax.swing.SortingFocusTraversalPolicy.<clinit>()V+45
v  ~StubRoutines::call_stub
j  javax.swing.UIManager.maybeInitializeFocusPolicy(Ljavax/swing/JComponent;)V+38
j  javax.swing.UIManager.getUI(Ljavax/swing/JComponent;)Ljavax/swing/plaf/ComponentUI;+4
j  javax.swing.JRootPane.updateUI()V+2
j  javax.swing.JRootPane.<init>()V+47
j  javax.swing.JFrame.createRootPane()Ljavax/swing/JRootPane;+4
j  javax.swing.JFrame.frameInit()V+16
j  javax.swing.JFrame.<init>()V+20
j  Calculator.Calculator.<init>()V+1
j  Calculator.Calculator$19.run()V+4
j  java.awt.event.InvocationEvent.dispatch()V+47
j  java.awt.EventQueue.dispatchEventImpl(Ljava/awt/AWTEvent;Ljava/lang/Object;)V+21
j  java.awt.EventQueue.access$500(Ljava/awt/EventQueue;Ljava/awt/AWTEvent;Ljava/lang/Object;)V+3
j  java.awt.EventQueue$3.run()Ljava/lang/Void;+32
j  java.awt.EventQueue$3.run()Ljava/lang/Object;+1
v  ~StubRoutines::call_stub
j  java.security.AccessController.doPrivileged(Ljava/security/PrivilegedAction;Ljava/security/AccessControlContext;)Ljava/lang/Object;+0
j  java.security.ProtectionDomain$JavaSecurityAccessImpl.doIntersectionPrivilege(Ljava/security/PrivilegedAction;Ljava/security/AccessControlContext;Ljava/security/AccessControlContext;)Ljava/lang/Object;+18
j  java.awt.EventQueue.dispatchEvent(Ljava/awt/AWTEvent;)V+46
j  java.awt.EventDispatchThread.pumpOneEventForFilters(I)V+140
j  java.awt.EventDispatchThread.pumpEventsForFilter(ILjava/awt/Conditional;Ljava/awt/EventFilter;)V+35
j  java.awt.EventDispatchThread.pumpEventsForHierarchy(ILjava/awt/Conditional;Ljava/awt/Component;)V+11
j  java.awt.EventDispatchThread.pumpEvents(ILjava/awt/Conditional;)V+4
j  java.awt.EventDispatchThread.pumpEvents(Ljava/awt/Conditional;)V+3
j  java.awt.EventDispatchThread.run()V+9
v  ~StubRoutines::call_stub

---------------  P R O C E S S  ---------------

Java Threads: ( => current thread )
  0x0000004456cc6800 JavaThread "DestroyJavaVM" [_thread_blocked, id=6728, stack(0x00000044584e0000,0x00000044585e0000)]
  0x000000446cb80000 JavaThread "AWT-EventQueue-0" [_thread_blocked, id=7224, stack(0x000000446d210000,0x000000446d310000)]
  0x000000446cb19000 JavaThread "AWT-Windows" daemon [_thread_in_native, id=1176, stack(0x000000446cf50000,0x000000446d050000)]
  0x000000446cb14800 JavaThread "AWT-Shutdown" [_thread_blocked, id=360, stack(0x000000446ce50000,0x000000446cf50000)]
  0x000000446cb0d000 JavaThread "Java2D Disposer" daemon [_thread_blocked, id=5232, stack(0x000000446cd50000,0x000000446ce50000)]
  0x000000446b324000 JavaThread "Service Thread" daemon [_thread_blocked, id=4244, stack(0x000000446c660000,0x000000446c760000)]
  0x000000446b31f800 JavaThread "C1 CompilerThread2" daemon [_thread_blocked, id=4820, stack(0x000000446c560000,0x000000446c660000)]
  0x000000446b318000 JavaThread "C2 CompilerThread1" daemon [_thread_blocked, id=3548, stack(0x000000446c460000,0x000000446c560000)]
  0x000000446b2c6000 JavaThread "C2 CompilerThread0" daemon [_thread_blocked, id=1192, stack(0x000000446c360000,0x000000446c460000)]
  0x000000446b2c1800 JavaThread "Attach Listener" daemon [_thread_blocked, id=8640, stack(0x000000446c260000,0x000000446c360000)]
  0x000000446b2c0800 JavaThread "Signal Dispatcher" daemon [_thread_blocked, id=6976, stack(0x000000446c160000,0x000000446c260000)]
  0x000000446ab7b000 JavaThread "Finalizer" daemon [_thread_blocked, id=6868, stack(0x000000446bf70000,0x000000446c070000)]
  0x000000446b2a6000 JavaThread "Reference Handler" daemon [_thread_blocked, id=4516, stack(0x000000446be70000,0x000000446bf70000)]

Other Threads:
  0x000000446b284800 VMThread [stack: 0x000000446bd70000,0x000000446be70000] [id=7320]
  0x000000446b328000 WatcherThread [stack: 0x000000446c760000,0x000000446c860000] [id=4376]

=>0x0000004456cdf000 (exited) GCTaskThread [stack: 0x0000004467e10000,0x0000004467f10000] [id=6640]

VM state:at safepoint (normal execution)

VM Mutex/Monitor currently owned by a thread:  ([mutex/lock_event])
[0x0000004456cc3520] OopMapCacheAlloc_lock - owner thread: 0x0000004456cdf000
[0x0000004456cc3da0] Threads_lock - owner thread: 0x000000446b284800
[0x0000004456cc5ab0] Heap_lock - owner thread: 0x000000446cb80000

heap address: 0x00000000c1600000, size: 1002 MB, Compressed Oops mode: 32-bit
Narrow klass base: 0x0000000000000000, Narrow klass shift: 3
Compressed class space size: 1073741824 Address: 0x0000000100000000

Heap:
 PSYoungGen      total 18944K, used 4921K [0x00000000eb200000, 0x00000000ec700000, 0x0000000100000000)
  eden space 16384K, 30% used [0x00000000eb200000,0x00000000eb6ce778,0x00000000ec200000)
  from space 2560K, 0% used [0x00000000ec480000,0x00000000ec480000,0x00000000ec700000)
  to   space 2560K, 22% used [0x00000000ec200000,0x00000000ec290000,0x00000000ec480000)
 ParOldGen       total 44032K, used 0K [0x00000000c1600000, 0x00000000c4100000, 0x00000000eb200000)
  object space 44032K, 0% used [0x00000000c1600000,0x00000000c1600000,0x00000000c4100000)
 Metaspace       used 8689K, capacity 8854K, committed 8960K, reserved 1062912K
  class space    used 1103K, capacity 1187K, committed 1280K, reserved 1048576K

Card table byte_map: [0x00000044679c0000,0x0000004467bc0000] byte_map_base: 0x00000044673b5000

Marking Bits: (ParMarkBitMap*) 0x000000005bb76ff0
 Begin Bits: [0x0000004468110000, 0x00000044690b8000)
 End Bits:   [0x00000044690b8000, 0x000000446a060000)

Polling page: 0x0000004456c80000

CodeCache: size=245760Kb used=1826Kb max_used=1826Kb free=243933Kb
 bounds [0x0000004458600000, 0x0000004458870000, 0x0000004467600000]
 total_blobs=722 nmethods=336 adapters=300
 compilation: enabled

Compilation events (10 events):
Event: 2.487 Thread 0x000000446b31f800  332       3       javax.swing.plaf.nimbus.NimbusLookAndFeel::parsePrefix (74 bytes)
Event: 2.489 Thread 0x000000446b31f800 nmethod 332 0x00000044587c6310 code [0x00000044587c64c0, 0x00000044587c6c00]
Event: 2.489 Thread 0x000000446b31f800  333       3       javax.swing.plaf.nimbus.NimbusLookAndFeel::addDefault (70 bytes)
Event: 2.490 Thread 0x000000446b31f800 nmethod 333 0x00000044587c6e50 code [0x00000044587c7020, 0x00000044587c7780]
Event: 2.498 Thread 0x000000446b31f800  334       1       java.beans.PropertyChangeEvent::getPropertyName (5 bytes)
Event: 2.498 Thread 0x000000446b31f800 nmethod 334 0x00000044587c7c50 code [0x00000044587c7da0, 0x00000044587c7eb8]
Event: 2.502 Thread 0x000000446b31f800  335       3       sun.util.logging.PlatformLogger::isLoggable (38 bytes)
Event: 2.502 Thread 0x000000446b31f800 nmethod 335 0x00000044587c7f10 code [0x00000044587c80a0, 0x00000044587c84b0]
Event: 2.502 Thread 0x000000446b31f800  336       3       sun.util.logging.PlatformLogger$DefaultLoggerProxy::isLoggable (29 bytes)
Event: 2.503 Thread 0x000000446b31f800 nmethod 336 0x00000044587c8610 code [0x00000044587c87a0, 0x00000044587c8cd8]

GC Heap History (1 events):
Event: 2.555 GC heap before
{Heap before GC invocations=1 (full 0):
 PSYoungGen      total 18944K, used 4921K [0x00000000eb200000, 0x00000000ec700000, 0x0000000100000000)
  eden space 16384K, 30% used [0x00000000eb200000,0x00000000eb6ce778,0x00000000ec200000)
  from space 2560K, 0% used [0x00000000ec480000,0x00000000ec480000,0x00000000ec700000)
  to   space 2560K, 0% used [0x00000000ec200000,0x00000000ec200000,0x00000000ec480000)
 ParOldGen       total 44032K, used 0K [0x00000000c1600000, 0x00000000c4100000, 0x00000000eb200000)
  object space 44032K, 0% used [0x00000000c1600000,0x00000000c1600000,0x00000000c4100000)
 Metaspace       used 8689K, capacity 8854K, committed 8960K, reserved 1062912K
  class space    used 1103K, capacity 1187K, committed 1280K, reserved 1048576K

Deoptimization events (1 events):
Event: 1.844 Thread 0x0000004456cc6800 Uncommon trap: reason=null_check action=make_not_entrant pc=0x0000004458784b64 method=java.lang.String.equals(Ljava/lang/Object;)Z @ 8

Classes redefined (0 events):
No events

Internal exceptions (10 events):
Event: 2.224 Thread 0x0000004456cc6800 Exception <a 'java/lang/ClassNotFoundException': ToolBar> (0x00000000eb559c50) thrown at [C:\jenkins\workspace\8-2-build-windows-amd64-cygwin\jdk8u281\880\hotspot\src\share\vm\classfile\systemDictionary.cpp, line 212]
Event: 2.224 Thread 0x0000004456cc6800 Exception <a 'java/lang/ClassNotFoundException': ToggleButton> (0x00000000eb55a200) thrown at [C:\jenkins\workspace\8-2-build-windows-amd64-cygwin\jdk8u281\880\hotspot\src\share\vm\classfile\systemDictionary.cpp, line 212]
Event: 2.225 Thread 0x0000004456cc6800 Exception <a 'java/lang/ClassNotFoundException': javax/swing/JToolBarSeparator> (0x00000000eb55a660) thrown at [C:\jenkins\workspace\8-2-build-windows-amd64-cygwin\jdk8u281\880\hotspot\src\share\vm\classfile\systemDictionary.cpp, line 212]
Event: 2.225 Thread 0x0000004456cc6800 Exception <a 'java/lang/ClassNotFoundException': ToolBarSeparator> (0x00000000eb55aaf8) thrown at [C:\jenkins\workspace\8-2-build-windows-amd64-cygwin\jdk8u281\880\hotspot\src\share\vm\classfile\systemDictionary.cpp, line 212]
Event: 2.226 Thread 0x0000004456cc6800 Exception <a 'java/lang/ClassNotFoundException': ToolTip> (0x00000000eb55b238) thrown at [C:\jenkins\workspace\8-2-build-windows-amd64-cygwin\jdk8u281\880\hotspot\src\share\vm\classfile\systemDictionary.cpp, line 212]
Event: 2.230 Thread 0x0000004456cc6800 Exception <a 'java/lang/ClassNotFoundException': Tree> (0x00000000eb55be58) thrown at [C:\jenkins\workspace\8-2-build-windows-amd64-cygwin\jdk8u281\880\hotspot\src\share\vm\classfile\systemDictionary.cpp, line 212]
Event: 2.231 Thread 0x0000004456cc6800 Exception <a 'java/lang/ClassNotFoundException': Tree> (0x00000000eb55c598) thrown at [C:\jenkins\workspace\8-2-build-windows-amd64-cygwin\jdk8u281\880\hotspot\src\share\vm\classfile\systemDictionary.cpp, line 212]
Event: 2.231 Thread 0x0000004456cc6800 Exception <a 'java/lang/ClassNotFoundException': javax/swing/JTreeCell> (0x00000000eb55c918) thrown at [C:\jenkins\workspace\8-2-build-windows-amd64-cygwin\jdk8u281\880\hotspot\src\share\vm\classfile\systemDictionary.cpp, line 212]
Event: 2.231 Thread 0x0000004456cc6800 Exception <a 'java/lang/ClassNotFoundException': TreeCell> (0x00000000eb55cda0) thrown at [C:\jenkins\workspace\8-2-build-windows-amd64-cygwin\jdk8u281\880\hotspot\src\share\vm\classfile\systemDictionary.cpp, line 212]
Event: 2.233 Thread 0x0000004456cc6800 Exception <a 'java/lang/ClassNotFoundException': RootPane> (0x00000000eb55d800) thrown at [C:\jenkins\workspace\8-2-build-windows-amd64-cygwin\jdk8u281\880\hotspot\src\share\vm\classfile\systemDictionary.cpp, line 212]

Events (10 events):
Event: 2.506 loading class javax/swing/SortingFocusTraversalPolicy done
Event: 2.506 loading class javax/swing/LayoutFocusTraversalPolicy done
Event: 2.506 loading class javax/swing/SwingContainerOrderFocusTraversalPolicy
Event: 2.507 loading class javax/swing/SwingContainerOrderFocusTraversalPolicy done
Event: 2.507 loading class javax/swing/SortingFocusTraversalPolicy$1
Event: 2.543 loading class javax/swing/SortingFocusTraversalPolicy$1 done
Event: 2.544 loading class java/util/Spliterator$OfLong
Event: 2.551 loading class java/util/Spliterator$OfPrimitive
Event: 2.552 loading class java/util/Spliterator
Event: 2.555 Executing VM operation: CollectForMetadataAllocation


Dynamic libraries:
0x00007ff79be50000 - 0x00007ff79be97000 	C:\Program Files\Java\jdk1.8.0_281\bin\java.exe
0x00007ffee5030000 - 0x00007ffee51dd000 	C:\Windows\SYSTEM32\ntdll.dll
0x00007ffee4360000 - 0x00007ffee449f000 	C:\Windows\system32\KERNEL32.DLL
0x00007ffee2590000 - 0x00007ffee26a5000 	C:\Windows\system32\KERNELBASE.dll
0x00007ffee0d20000 - 0x00007ffee0dae000 	C:\Windows\system32\apphelp.dll
0x00007ffed1b10000 - 0x00007ffed1b65000 	C:\Windows\AppPatch\AppPatch64\AcGenral.DLL
0x00007ffee42b0000 - 0x00007ffee435a000 	C:\Windows\system32\msvcrt.dll
0x00007ffee24b0000 - 0x00007ffee24de000 	C:\Windows\system32\SspiCli.dll
0x00007ffee46a0000 - 0x00007ffee46f4000 	C:\Windows\system32\SHLWAPI.dll
0x00007ffee4b70000 - 0x00007ffee4ce7000 	C:\Windows\system32\USER32.dll
0x00007ffee4dc0000 - 0x00007ffee4f55000 	C:\Windows\system32\ole32.dll
0x00007ffee26b0000 - 0x00007ffee3bde000 	C:\Windows\system32\SHELL32.dll
0x00007ffee1720000 - 0x00007ffee1741000 	C:\Windows\SYSTEM32\USERENV.dll
0x00007ffee3fc0000 - 0x00007ffee406a000 	C:\Windows\system32\ADVAPI32.dll
0x00007ffed0cc0000 - 0x00007ffed0cde000 	C:\Windows\SYSTEM32\MPR.dll
0x00007ffee3dc0000 - 0x00007ffee3efa000 	C:\Windows\system32\RPCRT4.dll
0x00007ffee4a30000 - 0x00007ffee4a88000 	C:\Windows\SYSTEM32\sechost.dll
0x00007ffee4090000 - 0x00007ffee42a1000 	C:\Windows\SYSTEM32\combase.dll
0x00007ffee4700000 - 0x00007ffee484e000 	C:\Windows\system32\GDI32.dll
0x00007ffee2150000 - 0x00007ffee2165000 	C:\Windows\SYSTEM32\profapi.dll
0x00007ffedff90000 - 0x00007ffee0042000 	C:\Windows\SYSTEM32\SHCORE.dll
0x00007ffee4660000 - 0x00007ffee4696000 	C:\Windows\system32\IMM32.DLL
0x00007ffee3c60000 - 0x00007ffee3db1000 	C:\Windows\system32\MSCTF.dll
0x00007ffede8c0000 - 0x00007ffedeb3b000 	C:\Windows\WinSxS\amd64_microsoft.windows.common-controls_6595b64144ccf1df_6.0.9600.19394_none_62486577ecb635cf\COMCTL32.dll
0x00007ffedaa80000 - 0x00007ffedaa95000 	C:\Program Files\Java\jdk1.8.0_281\jre\bin\vcruntime140.dll
0x00007ffed91d0000 - 0x00007ffed91d4000 	C:\Program Files\Java\jdk1.8.0_281\jre\bin\api-ms-win-crt-runtime-l1-1-0.dll
0x00007ffed91c0000 - 0x00007ffed91c3000 	C:\Program Files\Java\jdk1.8.0_281\jre\bin\api-ms-win-crt-heap-l1-1-0.dll
0x00007ffedad50000 - 0x00007ffedad54000 	C:\Program Files\Java\jdk1.8.0_281\jre\bin\api-ms-win-crt-string-l1-1-0.dll
0x00007ffedb7c0000 - 0x00007ffedb7c4000 	C:\Program Files\Java\jdk1.8.0_281\jre\bin\api-ms-win-crt-stdio-l1-1-0.dll
0x00007ffed91b0000 - 0x00007ffed91b4000 	C:\Program Files\Java\jdk1.8.0_281\jre\bin\api-ms-win-crt-convert-l1-1-0.dll
0x00007ffed1870000 - 0x00007ffed196a000 	C:\Program Files\Java\jdk1.8.0_281\jre\bin\ucrtbase.DLL
0x00007ffed17d0000 - 0x00007ffed186b000 	C:\Program Files\Java\jdk1.8.0_281\jre\bin\msvcp140.dll
0x00007ffed90f0000 - 0x00007ffed90f3000 	C:\Program Files\Java\jdk1.8.0_281\jre\bin\api-ms-win-crt-locale-l1-1-0.dll
0x00007ffed92e0000 - 0x00007ffed92e5000 	C:\Program Files\Java\jdk1.8.0_281\jre\bin\api-ms-win-crt-math-l1-1-0.dll
0x00007ffed91e0000 - 0x00007ffed91e3000 	C:\Program Files\Java\jdk1.8.0_281\jre\bin\api-ms-win-crt-filesystem-l1-1-0.dll
0x00007ffed9120000 - 0x00007ffed9123000 	C:\Program Files\Java\jdk1.8.0_281\jre\bin\api-ms-win-crt-time-l1-1-0.dll
0x00007ffed92f0000 - 0x00007ffed92f3000 	C:\Program Files\Java\jdk1.8.0_281\jre\bin\api-ms-win-crt-environment-l1-1-0.dll
0x00007ffed92a0000 - 0x00007ffed92a3000 	C:\Program Files\Java\jdk1.8.0_281\jre\bin\api-ms-win-crt-utility-l1-1-0.dll
0x000000005b390000 - 0x000000005bbef000 	C:\Program Files\Java\jdk1.8.0_281\jre\bin\server\jvm.dll
0x00007ffed8870000 - 0x00007ffed8879000 	C:\Windows\SYSTEM32\WSOCK32.dll
0x00007ffed8490000 - 0x00007ffed84b2000 	C:\Windows\SYSTEM32\WINMM.dll
0x00007ffeda5a0000 - 0x00007ffeda5aa000 	C:\Windows\SYSTEM32\VERSION.dll
0x00007ffee4aa0000 - 0x00007ffee4aa7000 	C:\Windows\system32\PSAPI.DLL
0x00007ffee3f60000 - 0x00007ffee3fba000 	C:\Windows\system32\WS2_32.dll
0x00007ffed5620000 - 0x00007ffed564a000 	C:\Windows\SYSTEM32\WINMMBASE.dll
0x00007ffee4a90000 - 0x00007ffee4a99000 	C:\Windows\system32\NSI.dll
0x00007ffee2460000 - 0x00007ffee24af000 	C:\Windows\SYSTEM32\cfgmgr32.dll
0x00007ffee0fa0000 - 0x00007ffee0fc8000 	C:\Windows\SYSTEM32\DEVOBJ.dll
0x00007ffed9110000 - 0x00007ffed9120000 	C:\Program Files\Java\jdk1.8.0_281\jre\bin\verify.dll
0x00007ffed9000000 - 0x00007ffed902b000 	C:\Program Files\Java\jdk1.8.0_281\jre\bin\java.dll
0x00007ffed1c30000 - 0x00007ffed1c48000 	C:\Program Files\Java\jdk1.8.0_281\jre\bin\zip.dll
0x00007ffecb0d0000 - 0x00007ffecb265000 	C:\Program Files\Java\jdk1.8.0_281\jre\bin\awt.dll
0x00007ffee4cf0000 - 0x00007ffee4db6000 	C:\Windows\system32\OLEAUT32.dll
0x00007ffee0dc0000 - 0x00007ffee0ee9000 	C:\Windows\system32\uxtheme.dll
0x00007ffedf980000 - 0x00007ffedf9a1000 	C:\Windows\system32\dwmapi.dll
0x00007ffee0f90000 - 0x00007ffee0f9b000 	C:\Windows\SYSTEM32\kernel.appcore.dll
0x00007ffee2020000 - 0x00007ffee202b000 	C:\Windows\SYSTEM32\CRYPTBASE.dll
0x00007ffee1fb0000 - 0x00007ffee2013000 	C:\Windows\SYSTEM32\bcryptPrimitives.dll
0x00007ffed1780000 - 0x00007ffed17c9000 	C:\Program Files\Java\jdk1.8.0_281\jre\bin\fontmanager.dll

VM Arguments:
jvm_args: -Dfile.encoding=UTF-8 
java_command: Calculator.Calculator
java_class_path (initial): C:\Users\User\Documents\NetBeansProjects\Calculator\build\classes
Launcher Type: SUN_STANDARD

Environment Variables:
PATH=C:\Program Files (x86)\Common Files\Oracle\Java\javapath;C:\Program Files (x86)\Intel\TXE Components\TCS\;C:\Program Files\Intel\TXE Components\TCS\;C:\Program Files (x86)\Common Files\ArcSoft\Bin;C:\Windows\system32;C:\Windows;C:\Windows\System32\Wbem;C:\Windows\System32\WindowsPowerShell\v1.0\;C:\Program Files\Intel\WiFi\bin\;C:\Program Files\Common Files\Intel\WirelessCommon\;C:\Program Files\Intel\TXE Components\DAL\;C:\Program Files (x86)\Intel\TXE Components\DAL\;C:\Program Files\Intel\TXE Components\IPT\;C:\Program Files (x86)\Intel\TXE Components\IPT\;C:\Program Files\Intel\WiFi\bin\;C:\Program Files\Common Files\Intel\WirelessCommon\
USERNAME=User
OS=Windows_NT
PROCESSOR_IDENTIFIER=Intel64 Family 6 Model 76 Stepping 3, GenuineIntel



---------------  S Y S T E M  ---------------

OS: Windows 8.1 , 64 bit Build 9600 (6.3.9600.19994)

CPU:total 4 (initial active 4) (4 cores per cpu, 1 threads per core) family 6 model 76 stepping 3, cmov, cx8, fxsr, mmx, sse, sse2, sse3, ssse3, sse4.1, sse4.2, popcnt, aes, clmul, erms, 3dnowpref, tsc, tscinvbit

Memory: 4k page, physical 4103776k(1162984k free), swap 7249504k(5052k free)

vm_info: Java HotSpot(TM) 64-Bit Server VM (25.281-b09) for windows-amd64 JRE (1.8.0_281-b09), built on Dec  9 2020 13:54:07 by "" with MS VC++ 15.9 (VS2017)

time: Fri May 21 20:45:55 2021
timezone: Bangladesh Standard Time
elapsed time: 2.584838 seconds (0d 0h 0m 2s)

