#
# There is insufficient memory for the Java Runtime Environment to continue.
# Native memory allocation (malloc) failed to allocate 1792 bytes for AllocateHeap
# Possible reasons:
#   The system is out of physical RAM or swap space
#   The process is running with CompressedOops enabled, and the Java Heap may be blocking the growth of the native heap
# Possible solutions:
#   Reduce memory load on the system
#   Increase physical memory or swap space
#   Check if swap backing store is full
#   Decrease Java heap size (-Xmx/-Xms)
#   Decrease number of Java threads
#   Decrease Java thread stack sizes (-Xss)
#   Set larger code cache with -XX:ReservedCodeCacheSize=
#   JVM is running with Unscaled Compressed Oops mode in which the Java heap is
#     placed in the first 4GB address space. The Java Heap base address is the
#     maximum limit for the native heap growth. Please use -XX:HeapBaseMinAddress
#     to set the Java Heap base and to place the Java Heap above 4GB virtual address.
# This output file may be truncated or incomplete.
#
#  Out of Memory Error (memory/allocation.inline.hpp:61), pid=3512, tid=0x0000000000001314
#
# JRE version: Java(TM) SE Runtime Environment (8.0_281-b09) (build 1.8.0_281-b09)
# Java VM: Java HotSpot(TM) 64-Bit Server VM (25.281-b09 mixed mode windows-amd64 compressed oops)
# Failed to write core dump. Minidumps are not enabled by default on client versions of Windows
#

---------------  T H R E A D  ---------------

Current thread (0x000000289a73f000):  GCTaskThread [stack: 0x00000028ab980000,0x00000028aba80000] [id=4884]

Stack: [0x00000028ab980000,0x00000028aba80000]
Native frames: (J=compiled Java code, j=interpreted, Vv=VM code, C=native code)
V  [jvm.dll+0x32e5b9]
V  [jvm.dll+0x275012]
V  [jvm.dll+0x275cbd]
V  [jvm.dll+0x26c6f5]
V  [jvm.dll+0x509d]
V  [jvm.dll+0xccd72]
V  [jvm.dll+0x1125bc]
V  [jvm.dll+0x135930]
V  [jvm.dll+0x205679]
V  [jvm.dll+0x204f8b]
V  [jvm.dll+0x23ba5f]
V  [jvm.dll+0x3d61ca]
V  [jvm.dll+0x3c4919]
V  [jvm.dll+0x291cbc]
C  [ucrtbase.DLL+0x1d912]
C  [KERNEL32.DLL+0x13f2]
C  [ntdll.dll+0x154f4]

JavaThread 0x00000028b0664800 (nid = 3924) was being processed
Java frames: (J=compiled Java code, j=interpreted, Vv=VM code)
j  sun.awt.windows.WToolkit.eventLoop()V+0
j  sun.awt.windows.WToolkit.run()V+58
j  java.lang.Thread.run()V+11
v  ~StubRoutines::call_stub

---------------  P R O C E S S  ---------------

Java Threads: ( => current thread )
  0x000000289a726800 JavaThread "DestroyJavaVM" [_thread_blocked, id=6236, stack(0x000000289a900000,0x000000289aa00000)]
  0x00000028b0692000 JavaThread "AWT-EventQueue-0" [_thread_blocked, id=568, stack(0x00000028b0d90000,0x00000028b0e90000)]
  0x00000028b0664800 JavaThread "AWT-Windows" daemon [_thread_in_native, id=3924, stack(0x00000028b0aa0000,0x00000028b0ba0000)]
  0x00000028b065c000 JavaThread "AWT-Shutdown" [_thread_blocked, id=7188, stack(0x00000028b09a0000,0x00000028b0aa0000)]
  0x00000028b065b000 JavaThread "Java2D Disposer" daemon [_thread_blocked, id=2352, stack(0x00000028b08a0000,0x00000028b09a0000)]
  0x00000028aee7c800 JavaThread "Service Thread" daemon [_thread_blocked, id=8376, stack(0x00000028b01b0000,0x00000028b02b0000)]
  0x00000028aee79000 JavaThread "C1 CompilerThread2" daemon [_thread_blocked, id=5364, stack(0x00000028b00b0000,0x00000028b01b0000)]
  0x00000028aee6b800 JavaThread "C2 CompilerThread1" daemon [_thread_blocked, id=8252, stack(0x00000028affb0000,0x00000028b00b0000)]
  0x00000028aee1a000 JavaThread "C2 CompilerThread0" daemon [_thread_blocked, id=3732, stack(0x00000028afeb0000,0x00000028affb0000)]
  0x00000028aee17000 JavaThread "Attach Listener" daemon [_thread_blocked, id=7012, stack(0x00000028afdb0000,0x00000028afeb0000)]
  0x00000028aee16000 JavaThread "Signal Dispatcher" daemon [_thread_blocked, id=304, stack(0x00000028afcb0000,0x00000028afdb0000)]
  0x00000028ae6ca800 JavaThread "Finalizer" daemon [_thread_blocked, id=3096, stack(0x00000028afac0000,0x00000028afbc0000)]
  0x00000028aedf6000 JavaThread "Reference Handler" daemon [_thread_blocked, id=896, stack(0x00000028af9c0000,0x00000028afac0000)]

Other Threads:
  0x00000028ae6c5800 VMThread [stack: 0x00000028af8c0000,0x00000028af9c0000] [id=2828]
  0x00000028aee80800 WatcherThread [stack: 0x00000028b02b0000,0x00000028b03b0000] [id=8388]

=>0x000000289a73f000 (exited) GCTaskThread [stack: 0x00000028ab980000,0x00000028aba80000] [id=4884]

VM state:at safepoint (normal execution)

VM Mutex/Monitor currently owned by a thread:  ([mutex/lock_event])
[0x000000289a7234a0] OopMapCacheAlloc_lock - owner thread: 0x000000289a73f000
[0x000000289a723b20] Threads_lock - owner thread: 0x00000028ae6c5800
[0x000000289a724630] Heap_lock - owner thread: 0x00000028b0692000

heap address: 0x00000000c1600000, size: 1002 MB, Compressed Oops mode: 32-bit
Narrow klass base: 0x0000000000000000, Narrow klass shift: 3
Compressed class space size: 1073741824 Address: 0x0000000100000000

Heap:
 PSYoungGen      total 18944K, used 5249K [0x00000000eb200000, 0x00000000ec700000, 0x0000000100000000)
  eden space 16384K, 32% used [0x00000000eb200000,0x00000000eb720650,0x00000000ec200000)
  from space 2560K, 0% used [0x00000000ec480000,0x00000000ec480000,0x00000000ec700000)
  to   space 2560K, 26% used [0x00000000ec200000,0x00000000ec2a8000,0x00000000ec480000)
 ParOldGen       total 44032K, used 0K [0x00000000c1600000, 0x00000000c4100000, 0x00000000eb200000)
  object space 44032K, 0% used [0x00000000c1600000,0x00000000c1600000,0x00000000c4100000)
 Metaspace       used 9835K, capacity 9988K, committed 10112K, reserved 1062912K
  class space    used 1270K, capacity 1350K, committed 1408K, reserved 1048576K

Card table byte_map: [0x00000028ab530000,0x00000028ab730000] byte_map_base: 0x00000028aaf25000

Marking Bits: (ParMarkBitMap*) 0x000000005d4d6ff0
 Begin Bits: [0x00000028abc80000, 0x00000028acc28000)
 End Bits:   [0x00000028acc28000, 0x00000028adbd0000)

Polling page: 0x000000289a8d0000

CodeCache: size=245760Kb used=1926Kb max_used=1926Kb free=243833Kb
 bounds [0x000000289c170000, 0x000000289c3e0000, 0x00000028ab170000]
 total_blobs=800 nmethods=397 adapters=317
 compilation: enabled

Compilation events (10 events):
Event: 5.017 Thread 0x00000028aee79000  393       3       sun.awt.SunToolkit::getAppContext (42 bytes)
Event: 5.018 Thread 0x00000028aee79000 nmethod 393 0x000000289c34e810 code [0x000000289c34ea00, 0x000000289c34f3f0]
Event: 5.020 Thread 0x00000028aee79000  394       1       java.net.URL::getFile (5 bytes)
Event: 5.021 Thread 0x00000028aee79000 nmethod 394 0x000000289c34f610 code [0x000000289c34f760, 0x000000289c34f878]
Event: 5.049 Thread 0x00000028aee79000  395       1       java.net.URL::getRef (5 bytes)
Event: 5.050 Thread 0x00000028aee79000 nmethod 395 0x000000289c34f8d0 code [0x000000289c34fa20, 0x000000289c34fb38]
Event: 5.054 Thread 0x00000028aee79000  396       3       sun.misc.MetaIndex::mayContain (51 bytes)
Event: 5.055 Thread 0x00000028aee79000 nmethod 396 0x000000289c34fb90 code [0x000000289c34fd40, 0x000000289c3503c0]
Event: 5.055 Thread 0x00000028aee79000  397  s    3       sun.misc.URLClassPath::getNextLoader (88 bytes)
Event: 5.056 Thread 0x00000028aee79000 nmethod 397 0x000000289c350690 code [0x000000289c350860, 0x000000289c3511b0]

GC Heap History (1 events):
Event: 5.073 GC heap before
{Heap before GC invocations=1 (full 0):
 PSYoungGen      total 18944K, used 5249K [0x00000000eb200000, 0x00000000ec700000, 0x0000000100000000)
  eden space 16384K, 32% used [0x00000000eb200000,0x00000000eb720650,0x00000000ec200000)
  from space 2560K, 0% used [0x00000000ec480000,0x00000000ec480000,0x00000000ec700000)
  to   space 2560K, 0% used [0x00000000ec200000,0x00000000ec200000,0x00000000ec480000)
 ParOldGen       total 44032K, used 0K [0x00000000c1600000, 0x00000000c4100000, 0x00000000eb200000)
  object space 44032K, 0% used [0x00000000c1600000,0x00000000c1600000,0x00000000c4100000)
 Metaspace       used 9835K, capacity 9988K, committed 10112K, reserved 1062912K
  class space    used 1270K, capacity 1350K, committed 1408K, reserved 1048576K

Deoptimization events (1 events):
Event: 3.331 Thread 0x000000289a726800 Uncommon trap: reason=null_check action=make_not_entrant pc=0x000000289c2eed64 method=java.lang.String.equals(Ljava/lang/Object;)Z @ 8

Classes redefined (0 events):
No events

Internal exceptions (10 events):
Event: 3.872 Thread 0x000000289a726800 Exception <a 'java/lang/ClassNotFoundException': ToolBar> (0x00000000eb559bd8) thrown at [C:\jenkins\workspace\8-2-build-windows-amd64-cygwin\jdk8u281\880\hotspot\src\share\vm\classfile\systemDictionary.cpp, line 212]
Event: 3.873 Thread 0x000000289a726800 Exception <a 'java/lang/ClassNotFoundException': ToggleButton> (0x00000000eb55a188) thrown at [C:\jenkins\workspace\8-2-build-windows-amd64-cygwin\jdk8u281\880\hotspot\src\share\vm\classfile\systemDictionary.cpp, line 212]
Event: 3.873 Thread 0x000000289a726800 Exception <a 'java/lang/ClassNotFoundException': javax/swing/JToolBarSeparator> (0x00000000eb55a5e8) thrown at [C:\jenkins\workspace\8-2-build-windows-amd64-cygwin\jdk8u281\880\hotspot\src\share\vm\classfile\systemDictionary.cpp, line 212]
Event: 3.873 Thread 0x000000289a726800 Exception <a 'java/lang/ClassNotFoundException': ToolBarSeparator> (0x00000000eb55aa80) thrown at [C:\jenkins\workspace\8-2-build-windows-amd64-cygwin\jdk8u281\880\hotspot\src\share\vm\classfile\systemDictionary.cpp, line 212]
Event: 3.874 Thread 0x000000289a726800 Exception <a 'java/lang/ClassNotFoundException': ToolTip> (0x00000000eb55b1c0) thrown at [C:\jenkins\workspace\8-2-build-windows-amd64-cygwin\jdk8u281\880\hotspot\src\share\vm\classfile\systemDictionary.cpp, line 212]
Event: 3.881 Thread 0x000000289a726800 Exception <a 'java/lang/ClassNotFoundException': Tree> (0x00000000eb55bde0) thrown at [C:\jenkins\workspace\8-2-build-windows-amd64-cygwin\jdk8u281\880\hotspot\src\share\vm\classfile\systemDictionary.cpp, line 212]
Event: 3.883 Thread 0x000000289a726800 Exception <a 'java/lang/ClassNotFoundException': Tree> (0x00000000eb55c520) thrown at [C:\jenkins\workspace\8-2-build-windows-amd64-cygwin\jdk8u281\880\hotspot\src\share\vm\classfile\systemDictionary.cpp, line 212]
Event: 3.884 Thread 0x000000289a726800 Exception <a 'java/lang/ClassNotFoundException': javax/swing/JTreeCell> (0x00000000eb55c8a0) thrown at [C:\jenkins\workspace\8-2-build-windows-amd64-cygwin\jdk8u281\880\hotspot\src\share\vm\classfile\systemDictionary.cpp, line 212]
Event: 3.884 Thread 0x000000289a726800 Exception <a 'java/lang/ClassNotFoundException': TreeCell> (0x00000000eb55cd28) thrown at [C:\jenkins\workspace\8-2-build-windows-amd64-cygwin\jdk8u281\880\hotspot\src\share\vm\classfile\systemDictionary.cpp, line 212]
Event: 3.888 Thread 0x000000289a726800 Exception <a 'java/lang/ClassNotFoundException': RootPane> (0x00000000eb55d788) thrown at [C:\jenkins\workspace\8-2-build-windows-amd64-cygwin\jdk8u281\880\hotspot\src\share\vm\classfile\systemDictionary.cpp, line 212]

Events (10 events):
Event: 5.069 loading class javax/swing/GroupLayout$AutoPreferredGapSpring
Event: 5.069 loading class javax/swing/GroupLayout$AutoPreferredGapSpring done
Event: 5.070 loading class javax/swing/GroupLayout$ContainerAutoPreferredGapSpring
Event: 5.070 loading class javax/swing/GroupLayout$ContainerAutoPreferredGapSpring done
Event: 5.070 loading class javax/swing/GroupLayout$ComponentSpring
Event: 5.070 loading class javax/swing/GroupLayout$ComponentSpring done
Event: 5.070 loading class javax/swing/GroupLayout$ComponentInfo
Event: 5.071 loading class javax/swing/GroupLayout$ComponentInfo done
Event: 5.071 loading class javax/swing/LayoutStyle$ComponentPlacement
Event: 5.073 Executing VM operation: CollectForMetadataAllocation


Dynamic libraries:
0x00007ff630150000 - 0x00007ff630197000 	C:\Program Files\Java\jdk1.8.0_281\bin\java.exe
0x00007ffd52790000 - 0x00007ffd5293d000 	C:\Windows\SYSTEM32\ntdll.dll
0x00007ffd51ff0000 - 0x00007ffd5212f000 	C:\Windows\system32\KERNEL32.DLL
0x00007ffd4fcf0000 - 0x00007ffd4fe05000 	C:\Windows\system32\KERNELBASE.dll
0x00007ffd4e480000 - 0x00007ffd4e50e000 	C:\Windows\system32\apphelp.dll
0x00007ffd49e10000 - 0x00007ffd49e65000 	C:\Windows\AppPatch\AppPatch64\AcGenral.DLL
0x00007ffd526e0000 - 0x00007ffd5278a000 	C:\Windows\system32\msvcrt.dll
0x00007ffd4fc10000 - 0x00007ffd4fc3e000 	C:\Windows\system32\SspiCli.dll
0x00007ffd500b0000 - 0x00007ffd50104000 	C:\Windows\system32\SHLWAPI.dll
0x00007ffd51db0000 - 0x00007ffd51f27000 	C:\Windows\system32\USER32.dll
0x00007ffd50110000 - 0x00007ffd502a5000 	C:\Windows\system32\ole32.dll
0x00007ffd50600000 - 0x00007ffd51b2e000 	C:\Windows\system32\SHELL32.dll
0x00007ffd4f280000 - 0x00007ffd4f2a1000 	C:\Windows\SYSTEM32\USERENV.dll
0x00007ffd50000000 - 0x00007ffd500aa000 	C:\Windows\system32\ADVAPI32.dll
0x00007ffd3c170000 - 0x00007ffd3c18e000 	C:\Windows\SYSTEM32\MPR.dll
0x00007ffd50380000 - 0x00007ffd504ba000 	C:\Windows\system32\RPCRT4.dll
0x00007ffd50520000 - 0x00007ffd50578000 	C:\Windows\SYSTEM32\sechost.dll
0x00007ffd524c0000 - 0x00007ffd526d1000 	C:\Windows\SYSTEM32\combase.dll
0x00007ffd52320000 - 0x00007ffd5246e000 	C:\Windows\system32\GDI32.dll
0x00007ffd4f8b0000 - 0x00007ffd4f8c5000 	C:\Windows\SYSTEM32\profapi.dll
0x00007ffd4da80000 - 0x00007ffd4db32000 	C:\Windows\SYSTEM32\SHCORE.dll
0x00007ffd52470000 - 0x00007ffd524a6000 	C:\Windows\system32\IMM32.DLL
0x00007ffd4fe40000 - 0x00007ffd4ff91000 	C:\Windows\system32\MSCTF.dll
0x00007ffd4c830000 - 0x00007ffd4caab000 	C:\Windows\WinSxS\amd64_microsoft.windows.common-controls_6595b64144ccf1df_6.0.9600.19394_none_62486577ecb635cf\COMCTL32.dll
0x00007ffd4d540000 - 0x00007ffd4d555000 	C:\Program Files\Java\jdk1.8.0_281\jre\bin\vcruntime140.dll
0x00007ffd48500000 - 0x00007ffd48504000 	C:\Program Files\Java\jdk1.8.0_281\jre\bin\api-ms-win-crt-runtime-l1-1-0.dll
0x00007ffd461f0000 - 0x00007ffd461f3000 	C:\Program Files\Java\jdk1.8.0_281\jre\bin\api-ms-win-crt-heap-l1-1-0.dll
0x00007ffd4d420000 - 0x00007ffd4d424000 	C:\Program Files\Java\jdk1.8.0_281\jre\bin\api-ms-win-crt-string-l1-1-0.dll
0x00007ffd4d430000 - 0x00007ffd4d434000 	C:\Program Files\Java\jdk1.8.0_281\jre\bin\api-ms-win-crt-stdio-l1-1-0.dll
0x00007ffd45b70000 - 0x00007ffd45b74000 	C:\Program Files\Java\jdk1.8.0_281\jre\bin\api-ms-win-crt-convert-l1-1-0.dll
0x00007ffd28fc0000 - 0x00007ffd290ba000 	C:\Program Files\Java\jdk1.8.0_281\jre\bin\ucrtbase.DLL
0x00007ffd287e0000 - 0x00007ffd2887b000 	C:\Program Files\Java\jdk1.8.0_281\jre\bin\msvcp140.dll
0x00007ffd4e1f0000 - 0x00007ffd4e1f3000 	C:\Program Files\Java\jdk1.8.0_281\jre\bin\api-ms-win-crt-locale-l1-1-0.dll
0x00007ffd4cd70000 - 0x00007ffd4cd75000 	C:\Program Files\Java\jdk1.8.0_281\jre\bin\api-ms-win-crt-math-l1-1-0.dll
0x00007ffd4cd50000 - 0x00007ffd4cd53000 	C:\Program Files\Java\jdk1.8.0_281\jre\bin\api-ms-win-crt-filesystem-l1-1-0.dll
0x00007ffd3baf0000 - 0x00007ffd3baf3000 	C:\Program Files\Java\jdk1.8.0_281\jre\bin\api-ms-win-crt-time-l1-1-0.dll
0x00007ffd4d410000 - 0x00007ffd4d413000 	C:\Program Files\Java\jdk1.8.0_281\jre\bin\api-ms-win-crt-environment-l1-1-0.dll
0x00007ffd4cd60000 - 0x00007ffd4cd63000 	C:\Program Files\Java\jdk1.8.0_281\jre\bin\api-ms-win-crt-utility-l1-1-0.dll
0x000000005ccf0000 - 0x000000005d54f000 	C:\Program Files\Java\jdk1.8.0_281\jre\bin\server\jvm.dll
0x00007ffd45880000 - 0x00007ffd45889000 	C:\Windows\SYSTEM32\WSOCK32.dll
0x00007ffd3cdd0000 - 0x00007ffd3cdf2000 	C:\Windows\SYSTEM32\WINMM.dll
0x00007ffd474d0000 - 0x00007ffd474da000 	C:\Windows\SYSTEM32\VERSION.dll
0x00007ffd524b0000 - 0x00007ffd524b7000 	C:\Windows\system32\PSAPI.DLL
0x00007ffd4ffa0000 - 0x00007ffd4fffa000 	C:\Windows\system32\WS2_32.dll
0x00007ffd3cda0000 - 0x00007ffd3cdca000 	C:\Windows\SYSTEM32\WINMMBASE.dll
0x00007ffd52130000 - 0x00007ffd52139000 	C:\Windows\system32\NSI.dll
0x00007ffd4f980000 - 0x00007ffd4f9cf000 	C:\Windows\SYSTEM32\cfgmgr32.dll
0x00007ffd4e6e0000 - 0x00007ffd4e708000 	C:\Windows\SYSTEM32\DEVOBJ.dll
0x00007ffd4e280000 - 0x00007ffd4e290000 	C:\Program Files\Java\jdk1.8.0_281\jre\bin\verify.dll
0x00007ffd4e250000 - 0x00007ffd4e27b000 	C:\Program Files\Java\jdk1.8.0_281\jre\bin\java.dll
0x00007ffd3ba40000 - 0x00007ffd3ba58000 	C:\Program Files\Java\jdk1.8.0_281\jre\bin\zip.dll
0x00007ffd1dac0000 - 0x00007ffd1dc55000 	C:\Program Files\Java\jdk1.8.0_281\jre\bin\awt.dll
0x00007ffd502b0000 - 0x00007ffd50376000 	C:\Windows\system32\OLEAUT32.dll
0x00007ffd4e550000 - 0x00007ffd4e679000 	C:\Windows\system32\uxtheme.dll
0x00007ffd4d860000 - 0x00007ffd4d881000 	C:\Windows\system32\dwmapi.dll
0x00007ffd4e6d0000 - 0x00007ffd4e6db000 	C:\Windows\SYSTEM32\kernel.appcore.dll
0x00007ffd33560000 - 0x00007ffd335a9000 	C:\Program Files\Java\jdk1.8.0_281\jre\bin\fontmanager.dll
0x00007ffd3a570000 - 0x00007ffd3a69b000 	C:\Windows\system32\opengl32.dll
0x00007ffd4afa0000 - 0x00007ffd4afce000 	C:\Windows\SYSTEM32\GLU32.dll
0x00007ffd3a2d0000 - 0x00007ffd3a3c8000 	C:\Windows\SYSTEM32\DDRAW.dll
0x00007ffd4b630000 - 0x00007ffd4b639000 	C:\Windows\SYSTEM32\DCIMAN32.dll
0x00007ffd4f780000 - 0x00007ffd4f78b000 	C:\Windows\SYSTEM32\CRYPTBASE.dll
0x00007ffd4f710000 - 0x00007ffd4f773000 	C:\Windows\SYSTEM32\bcryptPrimitives.dll
0x00007ffd475c0000 - 0x00007ffd47749000 	C:\Windows\SYSTEM32\dbghelp.dll

VM Arguments:
jvm_args: -Dfile.encoding=UTF-8 
java_command: Calculator.Calculator
java_class_path (initial): C:\Users\User\Documents\NetBeansProjects\Calculator\build\classes
Launcher Type: SUN_STANDARD

Environment Variables:
PATH=C:\Program Files (x86)\Common Files\Oracle\Java\javapath;C:\Program Files (x86)\Intel\TXE Components\TCS\;C:\Program Files\Intel\TXE Components\TCS\;C:\Program Files (x86)\Common Files\ArcSoft\Bin;C:\Windows\system32;C:\Windows;C:\Windows\System32\Wbem;C:\Windows\System32\WindowsPowerShell\v1.0\;C:\Program Files\Intel\WiFi\bin\;C:\Program Files\Common Files\Intel\WirelessCommon\;C:\Program Files\Intel\TXE Components\DAL\;C:\Program Files (x86)\Intel\TXE Components\DAL\;C:\Program Files\Intel\TXE Components\IPT\;C:\Program Files (x86)\Intel\TXE Components\IPT\;C:\Program Files\Intel\WiFi\bin\;C:\Program Files\Common Files\Intel\WirelessCommon\
USERNAME=User
OS=Windows_NT
PROCESSOR_IDENTIFIER=Intel64 Family 6 Model 76 Stepping 3, GenuineIntel



---------------  S Y S T E M  ---------------

OS: Windows 8.1 , 64 bit Build 9600 (6.3.9600.19994)

CPU:total 4 (initial active 4) (4 cores per cpu, 1 threads per core) family 6 model 76 stepping 3, cmov, cx8, fxsr, mmx, sse, sse2, sse3, ssse3, sse4.1, sse4.2, popcnt, aes, clmul, erms, 3dnowpref, tsc, tscinvbit

Memory: 4k page, physical 4103776k(775908k free), swap 7249504k(751540k free)

vm_info: Java HotSpot(TM) 64-Bit Server VM (25.281-b09) for windows-amd64 JRE (1.8.0_281-b09), built on Dec  9 2020 13:54:07 by "" with MS VC++ 15.9 (VS2017)

time: Mon May 24 21:26:10 2021
timezone: Bangladesh Standard Time
elapsed time: 7.148976 seconds (0d 0h 0m 7s)

