#
# A fatal error has been detected by the Java Runtime Environment:
#
#  EXCEPTION_ACCESS_VIOLATION (0xc0000005) at pc=0x000000005b59aefb, pid=4144, tid=0x0000000000000618
#
# JRE version: Java(TM) SE Runtime Environment (8.0_281-b09) (build 1.8.0_281-b09)
# Java VM: Java HotSpot(TM) 64-Bit Server VM (25.281-b09 mixed mode windows-amd64 compressed oops)
# Problematic frame:
# V  [jvm.dll+0x20aefb]
#
# Failed to write core dump. Minidumps are not enabled by default on client versions of Windows
#
# If you would like to submit a bug report, please visit:
#   http://bugreport.java.com/bugreport/crash.jsp
#

---------------  T H R E A D  ---------------

Current thread (0x0000006065841800):  JavaThread "Signal Dispatcher" daemon [_thread_in_vm, id=1560, stack(0x00000060666d0000,0x00000060667d0000)]

siginfo: ExceptionCode=0xc0000005, writing address 0x00000060667cb880

Registers:
RAX=0x0000000000000005, RBX=0x0000000000000005, RCX=0x00000060667cb880, RDX=0x0000000000004000
RSP=0x00000060667cf880, RBP=0x00000060667cf980, RSI=0x0000000000000005, RDI=0x000000606481e3c0
R8 =0x0000000000000005, R9 =0x0000000000000006, R10=0x00000060511a1d20, R11=0x000000606481e3c0
R12=0x00000060650eee90, R13=0x00000060667cfca8, R14=0x00000060667cfb80, R15=0x00000060667cf880
RIP=0x000000005b59aefb, EFLAGS=0x0000000000010206

Top of Stack: (sp=0x00000060667cf880)
0x00000060667cf880:   0000006065841800 0000000000000001
0x00000060667cf890:   000000606481e3c0 000000005b4571ca
0x00000060667cf8a0:   000000606481e3c0 0000006065841800
0x00000060667cf8b0:   00007ffee3f60000 00007ffe00000002
0x00000060667cf8c0:   0000000a00006c00 000000606481e3c0
0x00000060667cf8d0:   0000006065841800 0000006052ba49a0
0x00000060667cf8e0:   0000000000000001 0000000000000000
0x00000060667cf8f0:   000000606481e3c0 0000006000000001
0x00000060667cf900:   00007ffe00000006 0000006065841800
0x00000060667cf910:   000000606481e3c0 0000006065841800
0x00000060667cf920:   000000606481e3c0 0000006065841800
0x00000060667cf930:   0000006065841800 0000006065841800
0x00000060667cf940:   0000000000000006 000000606481e3c0
0x00000060667cf950:   0000000100006c48 000000005b45c457
0x00000060667cf960:   00000060650eee90 00000060667cf9c1
0x00000060667cf970:   000000606481e3c0 00007ffee504c0a3 

Instructions: (pc=0x000000005b59aefb)
0x000000005b59aedb:   f8 7c 33 48 8b de e8 0a 9c 08 00 48 63 d0 ff c6
0x000000005b59aeeb:   48 0f af d3 49 8b cf 48 63 c6 48 2b ca 48 ff c3
0x000000005b59aefb:   c7 01 00 00 00 00 48 3b 05 50 f6 55 00 7e d7 48
0x000000005b59af0b:   8b 9d e8 00 00 00 48 8d 54 24 48 48 8d 4d 50 e8 


Register to memory mapping:

RAX=0x0000000000000005 is an unknown value
RBX=0x0000000000000005 is an unknown value
RCX=0x00000060667cb880 is pointing into the stack for thread: 0x0000006065841800
RDX=0x0000000000004000 is an unknown value
RSP=0x00000060667cf880 is pointing into the stack for thread: 0x0000006065841800
RBP=0x00000060667cf980 is pointing into the stack for thread: 0x0000006065841800
RSI=0x0000000000000005 is an unknown value
RDI={method} {0x000000606481e3c8} 'exit' '()V' in 'java/lang/Thread'
R8 =0x0000000000000005 is an unknown value
R9 =0x0000000000000006 is an unknown value
R10=0x00000060511a1d20 is an unknown value
R11={method} {0x000000606481e3c8} 'exit' '()V' in 'java/lang/Thread'
R12=0x00000060650eee90 is an unknown value
R13=0x00000060667cfca8 is pointing into the stack for thread: 0x0000006065841800
R14=0x00000060667cfb80 is pointing into the stack for thread: 0x0000006065841800
R15=0x00000060667cf880 is pointing into the stack for thread: 0x0000006065841800


Stack: [0x00000060666d0000,0x00000060667d0000],  sp=0x00000060667cf880,  free space=1022k
Native frames: (J=compiled Java code, j=interpreted, Vv=VM code, C=native code)
V  [jvm.dll+0x20aefb]


---------------  P R O C E S S  ---------------

Java Threads: ( => current thread )
  0x00000060658a0800 JavaThread "Service Thread" daemon [_thread_blocked, id=8128, stack(0x0000006066bd0000,0x0000006066cd0000)]
  0x000000606589a800 JavaThread "C1 CompilerThread2" daemon [_thread_blocked, id=428, stack(0x0000006066ad0000,0x0000006066bd0000)]
  0x0000006065849800 JavaThread "C2 CompilerThread1" daemon [_thread_blocked, id=5716, stack(0x00000060669d0000,0x0000006066ad0000)]
  0x0000006065845800 JavaThread "C2 CompilerThread0" daemon [_thread_blocked, id=4720, stack(0x00000060668d0000,0x00000060669d0000)]
  0x0000006065842800 JavaThread "Attach Listener" daemon [_thread_blocked, id=2708, stack(0x00000060667d0000,0x00000060668d0000)]
=>0x0000006065841800 JavaThread "Signal Dispatcher" daemon [_thread_in_vm, id=1560, stack(0x00000060666d0000,0x00000060667d0000)]
  0x00000060650e5000 JavaThread "Finalizer" daemon [_thread_blocked, id=1976, stack(0x00000060664f0000,0x00000060665f0000)]
  0x0000006065826000 JavaThread "Reference Handler" daemon [_thread_blocked, id=828, stack(0x00000060663f0000,0x00000060664f0000)]

Other Threads:
  0x0000006065803000 VMThread [stack: 0x00000060662f0000,0x00000060663f0000] [id=6508]

VM state:synchronizing (normal execution)

VM Mutex/Monitor currently owned by a thread:  ([mutex/lock_event])
[0x0000006051183120] Threads_lock - owner thread: 0x0000006065803000
[0x0000006051185f30] Heap_lock - owner thread: 0x0000006051186800

OutOfMemory and StackOverflow Exception counts:
StackOverflowErrors=1

heap address: 0x00000000c1600000, size: 1002 MB, Compressed Oops mode: 32-bit
Narrow klass base: 0x0000000000000000, Narrow klass shift: 3
Compressed class space size: 1073741824 Address: 0x0000000100000000

Heap:
 PSYoungGen      total 18944K, used 1311K [0x00000000eb200000, 0x00000000ec700000, 0x0000000100000000)
  eden space 16384K, 8% used [0x00000000eb200000,0x00000000eb347cd0,0x00000000ec200000)
  from space 2560K, 0% used [0x00000000ec480000,0x00000000ec480000,0x00000000ec700000)
  to   space 2560K, 0% used [0x00000000ec200000,0x00000000ec200000,0x00000000ec480000)
 ParOldGen       total 44032K, used 0K [0x00000000c1600000, 0x00000000c4100000, 0x00000000eb200000)
  object space 44032K, 0% used [0x00000000c1600000,0x00000000c1600000,0x00000000c4100000)
 Metaspace       used 3390K, capacity 4582K, committed 4864K, reserved 1056768K
  class space    used 376K, capacity 418K, committed 512K, reserved 1048576K

Card table byte_map: [0x0000006061f50000,0x0000006062150000] byte_map_base: 0x0000006061945000

Marking Bits: (ParMarkBitMap*) 0x000000005bb76ff0
 Begin Bits: [0x00000060626a0000, 0x0000006063648000)
 End Bits:   [0x0000006063648000, 0x00000060645f0000)

Polling page: 0x00000060512f0000

CodeCache: size=245760Kb used=1141Kb max_used=1141Kb free=244618Kb
 bounds [0x0000006052b90000, 0x0000006052e00000, 0x0000006061b90000]
 total_blobs=282 nmethods=39 adapters=158
 compilation: enabled

Compilation events (10 events):
Event: 6.257 Thread 0x000000606589a800   35       3       java.lang.StringBuilder::<init> (7 bytes)
Event: 6.258 Thread 0x000000606589a800 nmethod 35 0x0000006052cabf90 code [0x0000006052cac100, 0x0000006052cac3b8]
Event: 6.258 Thread 0x000000606589a800   36       3       java.nio.ByteBuffer::arrayOffset (35 bytes)
Event: 6.258 Thread 0x000000606589a800 nmethod 36 0x0000006052cac4d0 code [0x0000006052cac660, 0x0000006052cac920]
Event: 6.258 Thread 0x000000606589a800   37       3       java.lang.Math::min (11 bytes)
Event: 6.259 Thread 0x000000606589a800 nmethod 37 0x0000006052caca50 code [0x0000006052cacba0, 0x0000006052cacd38]
Event: 6.259 Thread 0x000000606589a800   38       3       java.nio.Buffer::position (38 bytes)
Event: 6.259 Thread 0x000000606589a800 nmethod 38 0x0000006052cacdd0 code [0x0000006052cacf40, 0x0000006052cad190]
Event: 6.259 Thread 0x000000606589a800   39       3       java.nio.CharBuffer::arrayOffset (35 bytes)
Event: 6.260 Thread 0x000000606589a800 nmethod 39 0x0000006052cad250 code [0x0000006052cad3e0, 0x0000006052cad6a0]

GC Heap History (0 events):
No events

Deoptimization events (0 events):
No events

Classes redefined (0 events):
No events

Internal exceptions (10 events):
Event: 6.249 Thread 0x0000006051186800 Exception <a 'java/lang/StackOverflowError'> (0x00000000eb287a68) thrown at [C:\jenkins\workspace\8-2-build-windows-amd64-cygwin\jdk8u281\880\hotspot\src\share\vm\prims\jvm.cpp, line 1516]
Event: 6.250 Thread 0x0000006051186800 Exception <a 'java/lang/StackOverflowError'> (0x00000000eb287a68) thrown at [C:\jenkins\workspace\8-2-build-windows-amd64-cygwin\jdk8u281\880\hotspot\src\share\vm\oops\instanceKlass.cpp, line 959]
Event: 6.250 Thread 0x0000006051186800 Exception <a 'java/lang/StackOverflowError'> (0x00000000eb287a68) thrown at [C:\jenkins\workspace\8-2-build-windows-amd64-cygwin\jdk8u281\880\hotspot\src\share\vm\prims\jvm.cpp, line 1516]
Event: 6.250 Thread 0x0000006051186800 Exception <a 'java/lang/StackOverflowError'> (0x00000000eb287a68) thrown at [C:\jenkins\workspace\8-2-build-windows-amd64-cygwin\jdk8u281\880\hotspot\src\share\vm\oops\instanceKlass.cpp, line 959]
Event: 6.250 Thread 0x0000006051186800 Exception <a 'java/lang/StackOverflowError'> (0x00000000eb287a68) thrown at [C:\jenkins\workspace\8-2-build-windows-amd64-cygwin\jdk8u281\880\hotspot\src\share\vm\oops\instanceKlass.cpp, line 959]
Event: 6.250 Thread 0x0000006051186800 Exception <a 'java/lang/StackOverflowError'> (0x00000000eb287a68) thrown at [C:\jenkins\workspace\8-2-build-windows-amd64-cygwin\jdk8u281\880\hotspot\src\share\vm\oops\instanceKlass.cpp, line 915]
Event: 6.250 Thread 0x0000006051186800 Exception <a 'java/lang/StackOverflowError'> (0x00000000eb287a68) thrown at [C:\jenkins\workspace\8-2-build-windows-amd64-cygwin\jdk8u281\880\hotspot\src\share\vm\oops\instanceKlass.cpp, line 915]
Event: 6.250 Thread 0x0000006051186800 Exception <a 'java/lang/StackOverflowError'> (0x00000000eb287a68) thrown at [C:\jenkins\workspace\8-2-build-windows-amd64-cygwin\jdk8u281\880\hotspot\src\share\vm\oops\instanceKlass.cpp, line 915]
Event: 6.250 Thread 0x0000006051186800 Exception <a 'java/lang/StackOverflowError'> (0x00000000eb287a68) thrown at [C:\jenkins\workspace\8-2-build-windows-amd64-cygwin\jdk8u281\880\hotspot\src\share\vm\oops\instanceKlass.cpp, line 915]
Event: 6.250 Thread 0x0000006051186800 Exception <a 'java/lang/StackOverflowError'> (0x00000000eb287a68) thrown at [C:\jenkins\workspace\8-2-build-windows-amd64-cygwin\jdk8u281\880\hotspot\src\share\vm\oops\instanceKlass.cpp, line 915]

Events (10 events):
Event: 6.251 loading class java/util/IdentityHashMap done
Event: 6.251 loading class java/util/IdentityHashMap$KeySet
Event: 6.252 loading class java/util/IdentityHashMap$KeySet done
Event: 6.259 Thread 0x0000006051186800 Thread exited: 0x0000006051186800
Event: 6.259 Thread 0x0000006051186800 Thread added: 0x0000006051186800
Event: 6.260 loading class java/lang/Shutdown
Event: 6.260 loading class java/lang/Shutdown done
Event: 6.260 loading class java/lang/Shutdown$Lock
Event: 6.260 loading class java/lang/Shutdown$Lock done
Event: 6.260 Thread 0x0000006051186800 Thread exited: 0x0000006051186800


Dynamic libraries:
0x00007ff79be50000 - 0x00007ff79be97000 	C:\Program Files\Java\jdk1.8.0_281\bin\java.exe
0x00007ffee5030000 - 0x00007ffee51dd000 	C:\Windows\SYSTEM32\ntdll.dll
0x00007ffee4360000 - 0x00007ffee449f000 	C:\Windows\system32\KERNEL32.DLL
0x00007ffee2590000 - 0x00007ffee26a5000 	C:\Windows\system32\KERNELBASE.dll
0x00007ffee0d20000 - 0x00007ffee0dae000 	C:\Windows\system32\apphelp.dll
0x00007ffed1a90000 - 0x00007ffed1ae5000 	C:\Windows\AppPatch\AppPatch64\AcGenral.DLL
0x00007ffee42b0000 - 0x00007ffee435a000 	C:\Windows\system32\msvcrt.dll
0x00007ffee24b0000 - 0x00007ffee24de000 	C:\Windows\system32\SspiCli.dll
0x00007ffee46a0000 - 0x00007ffee46f4000 	C:\Windows\system32\SHLWAPI.dll
0x00007ffee4b70000 - 0x00007ffee4ce7000 	C:\Windows\system32\USER32.dll
0x00007ffee4dc0000 - 0x00007ffee4f55000 	C:\Windows\system32\ole32.dll
0x00007ffee26b0000 - 0x00007ffee3bde000 	C:\Windows\system32\SHELL32.dll
0x00007ffee1720000 - 0x00007ffee1741000 	C:\Windows\SYSTEM32\USERENV.dll
0x00007ffee3fc0000 - 0x00007ffee406a000 	C:\Windows\system32\ADVAPI32.dll
0x00007ffed0cc0000 - 0x00007ffed0cde000 	C:\Windows\SYSTEM32\MPR.dll
0x00007ffee3dc0000 - 0x00007ffee3efa000 	C:\Windows\system32\RPCRT4.dll
0x00007ffee4a30000 - 0x00007ffee4a88000 	C:\Windows\SYSTEM32\sechost.dll
0x00007ffee4090000 - 0x00007ffee42a1000 	C:\Windows\SYSTEM32\combase.dll
0x00007ffee4700000 - 0x00007ffee484e000 	C:\Windows\system32\GDI32.dll
0x00007ffee2150000 - 0x00007ffee2165000 	C:\Windows\SYSTEM32\profapi.dll
0x00007ffedff90000 - 0x00007ffee0042000 	C:\Windows\SYSTEM32\SHCORE.dll
0x00007ffee4660000 - 0x00007ffee4696000 	C:\Windows\system32\IMM32.DLL
0x00007ffee3c60000 - 0x00007ffee3db1000 	C:\Windows\system32\MSCTF.dll
0x00007ffede8c0000 - 0x00007ffedeb3b000 	C:\Windows\WinSxS\amd64_microsoft.windows.common-controls_6595b64144ccf1df_6.0.9600.19394_none_62486577ecb635cf\COMCTL32.dll
0x00007ffed91d0000 - 0x00007ffed91e5000 	C:\Program Files\Java\jdk1.8.0_281\jre\bin\vcruntime140.dll
0x00007ffed90f0000 - 0x00007ffed90f4000 	C:\Program Files\Java\jdk1.8.0_281\jre\bin\api-ms-win-crt-runtime-l1-1-0.dll
0x00007ffed9000000 - 0x00007ffed9003000 	C:\Program Files\Java\jdk1.8.0_281\jre\bin\api-ms-win-crt-heap-l1-1-0.dll
0x00007ffed92f0000 - 0x00007ffed92f4000 	C:\Program Files\Java\jdk1.8.0_281\jre\bin\api-ms-win-crt-string-l1-1-0.dll
0x00007ffedaa80000 - 0x00007ffedaa84000 	C:\Program Files\Java\jdk1.8.0_281\jre\bin\api-ms-win-crt-stdio-l1-1-0.dll
0x00007ffed1c40000 - 0x00007ffed1c44000 	C:\Program Files\Java\jdk1.8.0_281\jre\bin\api-ms-win-crt-convert-l1-1-0.dll
0x00007ffecb5e0000 - 0x00007ffecb6da000 	C:\Program Files\Java\jdk1.8.0_281\jre\bin\ucrtbase.DLL
0x00007ffecddf0000 - 0x00007ffecde8b000 	C:\Program Files\Java\jdk1.8.0_281\jre\bin\msvcp140.dll
0x00007ffed17c0000 - 0x00007ffed17c3000 	C:\Program Files\Java\jdk1.8.0_281\jre\bin\api-ms-win-crt-locale-l1-1-0.dll
0x00007ffed91b0000 - 0x00007ffed91b5000 	C:\Program Files\Java\jdk1.8.0_281\jre\bin\api-ms-win-crt-math-l1-1-0.dll
0x00007ffed9110000 - 0x00007ffed9113000 	C:\Program Files\Java\jdk1.8.0_281\jre\bin\api-ms-win-crt-filesystem-l1-1-0.dll
0x00007ffed1c30000 - 0x00007ffed1c33000 	C:\Program Files\Java\jdk1.8.0_281\jre\bin\api-ms-win-crt-time-l1-1-0.dll
0x00007ffed91c0000 - 0x00007ffed91c3000 	C:\Program Files\Java\jdk1.8.0_281\jre\bin\api-ms-win-crt-environment-l1-1-0.dll
0x00007ffed9120000 - 0x00007ffed9123000 	C:\Program Files\Java\jdk1.8.0_281\jre\bin\api-ms-win-crt-utility-l1-1-0.dll
0x000000005b390000 - 0x000000005bbef000 	C:\Program Files\Java\jdk1.8.0_281\jre\bin\server\jvm.dll
0x00007ffed8870000 - 0x00007ffed8879000 	C:\Windows\SYSTEM32\WSOCK32.dll
0x00007ffed8490000 - 0x00007ffed84b2000 	C:\Windows\SYSTEM32\WINMM.dll
0x00007ffeda5a0000 - 0x00007ffeda5aa000 	C:\Windows\SYSTEM32\VERSION.dll
0x00007ffee4aa0000 - 0x00007ffee4aa7000 	C:\Windows\system32\PSAPI.DLL
0x00007ffee3f60000 - 0x00007ffee3fba000 	C:\Windows\system32\WS2_32.dll
0x00007ffed5620000 - 0x00007ffed564a000 	C:\Windows\SYSTEM32\WINMMBASE.dll
0x00007ffee4a90000 - 0x00007ffee4a99000 	C:\Windows\system32\NSI.dll
0x00007ffee2460000 - 0x00007ffee24af000 	C:\Windows\SYSTEM32\cfgmgr32.dll
0x00007ffee0fa0000 - 0x00007ffee0fc8000 	C:\Windows\SYSTEM32\DEVOBJ.dll
0x00007ffed1c20000 - 0x00007ffed1c30000 	C:\Program Files\Java\jdk1.8.0_281\jre\bin\verify.dll
0x00007ffed1a10000 - 0x00007ffed1a3b000 	C:\Program Files\Java\jdk1.8.0_281\jre\bin\java.dll
0x00007ffed16e0000 - 0x00007ffed16f8000 	C:\Program Files\Java\jdk1.8.0_281\jre\bin\zip.dll

VM Arguments:
jvm_args: -Dfile.encoding=UTF-8 
java_command: Calculator.Calculator
java_class_path (initial): C:\Users\User\Documents\NetBeansProjects\Calculator\build\classes
Launcher Type: SUN_STANDARD

Environment Variables:
PATH=C:\Program Files (x86)\Common Files\Oracle\Java\javapath;C:\Program Files (x86)\Intel\TXE Components\TCS\;C:\Program Files\Intel\TXE Components\TCS\;C:\Program Files (x86)\Common Files\ArcSoft\Bin;C:\Windows\system32;C:\Windows;C:\Windows\System32\Wbem;C:\Windows\System32\WindowsPowerShell\v1.0\;C:\Program Files\Intel\WiFi\bin\;C:\Program Files\Common Files\Intel\WirelessCommon\;C:\Program Files\Intel\TXE Components\DAL\;C:\Program Files (x86)\Intel\TXE Components\DAL\;C:\Program Files\Intel\TXE Components\IPT\;C:\Program Files (x86)\Intel\TXE Components\IPT\;C:\Program Files\Intel\WiFi\bin\;C:\Program Files\Common Files\Intel\WirelessCommon\
USERNAME=User
OS=Windows_NT
PROCESSOR_IDENTIFIER=Intel64 Family 6 Model 76 Stepping 3, GenuineIntel



---------------  S Y S T E M  ---------------

OS: Windows 8.1 , 64 bit Build 9600 (6.3.9600.19994)

CPU:total 4 (initial active 4) (4 cores per cpu, 1 threads per core) family 6 model 76 stepping 3, cmov, cx8, fxsr, mmx, sse, sse2, sse3, ssse3, sse4.1, sse4.2, popcnt, aes, clmul, erms, 3dnowpref, tsc, tscinvbit

Memory: 4k page, physical 4103776k(714428k free), swap 7249504k(4528k free)

vm_info: Java HotSpot(TM) 64-Bit Server VM (25.281-b09) for windows-amd64 JRE (1.8.0_281-b09), built on Dec  9 2020 13:54:07 by "" with MS VC++ 15.9 (VS2017)

time: Fri May 21 20:36:20 2021
timezone: Bangladesh Standard Time
elapsed time: 6.293719 seconds (0d 0h 0m 6s)

